{"__type":"$$EventMessageWorkflow","id":"e674a333-39b0-458c-b3eb-0f4df0883a1c","ts":"2025-08-04T01:40:00.375+09:30","eventName":"n8n.workflow.started","message":"n8n.workflow.started","payload":{"executionId":"115","workflowId":"GSH9PvSAvJWzqdsd","isManual":false,"workflowName":"notify-task"}}
{"__type":"$$EventMessageConfirm","confirm":"e674a333-39b0-458c-b3eb-0f4df0883a1c","ts":"2025-08-04T01:40:00.376+09:30","source":{"id":"0","name":"eventBus"}}
{"__type":"$$EventMessageNode","id":"951f42d2-d485-4b89-a5d3-e0a0b3d9268d","ts":"2025-08-04T01:40:00.377+09:30","eventName":"n8n.node.started","message":"n8n.node.started","payload":{"workflowId":"GSH9PvSAvJWzqdsd","workflowName":"notify-task","executionId":"115","nodeType":"n8n-nodes-base.scheduleTrigger","nodeName":"Schedule Trigger","nodeId":"22fba64b-e106-482f-93d0-c300d9b1b67d"}}
{"__type":"$$EventMessageConfirm","confirm":"951f42d2-d485-4b89-a5d3-e0a0b3d9268d","ts":"2025-08-04T01:40:00.377+09:30","source":{"id":"0","name":"eventBus"}}
{"__type":"$$EventMessageNode","id":"ee8b838e-153c-4dad-94ef-885432693212","ts":"2025-08-04T01:40:00.385+09:30","eventName":"n8n.node.finished","message":"n8n.node.finished","payload":{"workflowId":"GSH9PvSAvJWzqdsd","workflowName":"notify-task","executionId":"115","nodeType":"n8n-nodes-base.scheduleTrigger","nodeName":"Schedule Trigger","nodeId":"22fba64b-e106-482f-93d0-c300d9b1b67d"}}
{"__type":"$$EventMessageConfirm","confirm":"ee8b838e-153c-4dad-94ef-885432693212","ts":"2025-08-04T01:40:00.386+09:30","source":{"id":"0","name":"eventBus"}}
{"__type":"$$EventMessageWorkflow","id":"9d40a0b4-fb88-425e-ab18-baebebf7dd06","ts":"2025-08-04T01:40:00.388+09:30","eventName":"n8n.workflow.success","message":"n8n.workflow.success","payload":{"userId":"c6c3c351-8a4f-4cbd-8335-b6f8a1f3b5f4","executionId":"115","success":true,"isManual":true,"workflowId":"GSH9PvSAvJWzqdsd","workflowName":"notify-task"}}
{"__type":"$$EventMessageConfirm","confirm":"9d40a0b4-fb88-425e-ab18-baebebf7dd06","ts":"2025-08-04T01:40:00.388+09:30","source":{"id":"0","name":"eventBus"}}
{"__type":"$$EventMessageWorkflow","id":"a2cf039f-8673-420e-b8c7-06d9bfb03b91","ts":"2025-08-04T01:40:56.105+09:30","eventName":"n8n.workflow.started","message":"n8n.workflow.started","payload":{"executionId":"116","workflowId":"GSH9PvSAvJWzqdsd","isManual":false,"workflowName":"notify-task"}}
{"__type":"$$EventMessageConfirm","confirm":"a2cf039f-8673-420e-b8c7-06d9bfb03b91","ts":"2025-08-04T01:40:56.105+09:30","source":{"id":"0","name":"eventBus"}}
{"__type":"$$EventMessageNode","id":"e7b3e5ad-a590-4fef-80c0-141eef1f3d6d","ts":"2025-08-04T01:40:56.106+09:30","eventName":"n8n.node.started","message":"n8n.node.started","payload":{"workflowId":"GSH9PvSAvJWzqdsd","workflowName":"notify-task","executionId":"116","nodeType":"n8n-nodes-base.scheduleTrigger","nodeName":"Schedule Trigger","nodeId":"22fba64b-e106-482f-93d0-c300d9b1b67d"}}
{"__type":"$$EventMessageConfirm","confirm":"e7b3e5ad-a590-4fef-80c0-141eef1f3d6d","ts":"2025-08-04T01:40:56.106+09:30","source":{"id":"0","name":"eventBus"}}
{"__type":"$$EventMessageNode","id":"03535f33-910a-46cc-b0a0-04f1e54022d2","ts":"2025-08-04T01:40:56.108+09:30","eventName":"n8n.node.finished","message":"n8n.node.finished","payload":{"workflowId":"GSH9PvSAvJWzqdsd","workflowName":"notify-task","executionId":"116","nodeType":"n8n-nodes-base.scheduleTrigger","nodeName":"Schedule Trigger","nodeId":"22fba64b-e106-482f-93d0-c300d9b1b67d"}}
{"__type":"$$EventMessageConfirm","confirm":"03535f33-910a-46cc-b0a0-04f1e54022d2","ts":"2025-08-04T01:40:56.108+09:30","source":{"id":"0","name":"eventBus"}}
{"__type":"$$EventMessageWorkflow","id":"7ddf16f7-ece0-4f6a-92a3-f8fe0b72dc33","ts":"2025-08-04T01:40:56.110+09:30","eventName":"n8n.workflow.success","message":"n8n.workflow.success","payload":{"userId":"c6c3c351-8a4f-4cbd-8335-b6f8a1f3b5f4","executionId":"116","success":true,"isManual":true,"workflowId":"GSH9PvSAvJWzqdsd","workflowName":"notify-task"}}
{"__type":"$$EventMessageConfirm","confirm":"7ddf16f7-ece0-4f6a-92a3-f8fe0b72dc33","ts":"2025-08-04T01:40:56.110+09:30","source":{"id":"0","name":"eventBus"}}
{"__type":"$$EventMessageWorkflow","id":"0705b6c0-67eb-4593-acd1-c3c4d372ed5b","ts":"2025-08-04T01:41:00.623+09:30","eventName":"n8n.workflow.started","message":"n8n.workflow.started","payload":{"executionId":"117","workflowId":"GSH9PvSAvJWzqdsd","isManual":false,"workflowName":"notify-task"}}
{"__type":"$$EventMessageConfirm","confirm":"0705b6c0-67eb-4593-acd1-c3c4d372ed5b","ts":"2025-08-04T01:41:00.623+09:30","source":{"id":"0","name":"eventBus"}}
{"__type":"$$EventMessageNode","id":"16051464-4ab0-424a-a5b2-4ddcdfe04dfa","ts":"2025-08-04T01:41:00.624+09:30","eventName":"n8n.node.started","message":"n8n.node.started","payload":{"workflowId":"GSH9PvSAvJWzqdsd","workflowName":"notify-task","executionId":"117","nodeType":"n8n-nodes-base.httpRequest","nodeName":"HTTP Request","nodeId":"f677bdca-ec01-4088-b962-56c95c9da56f"}}
{"__type":"$$EventMessageConfirm","confirm":"16051464-4ab0-424a-a5b2-4ddcdfe04dfa","ts":"2025-08-04T01:41:00.624+09:30","source":{"id":"0","name":"eventBus"}}
{"__type":"$$EventMessageNode","id":"6a1bf6b7-b2fa-4cba-a505-7afcc2885cd0","ts":"2025-08-04T01:41:00.894+09:30","eventName":"n8n.node.finished","message":"n8n.node.finished","payload":{"workflowId":"GSH9PvSAvJWzqdsd","workflowName":"notify-task","executionId":"117","nodeType":"n8n-nodes-base.httpRequest","nodeName":"HTTP Request","nodeId":"f677bdca-ec01-4088-b962-56c95c9da56f"}}
{"__type":"$$EventMessageConfirm","confirm":"6a1bf6b7-b2fa-4cba-a505-7afcc2885cd0","ts":"2025-08-04T01:41:00.894+09:30","source":{"id":"0","name":"eventBus"}}
{"__type":"$$EventMessageWorkflow","id":"1d3208a1-cb0c-4a8b-96fa-d01d81c6f0e0","ts":"2025-08-04T01:41:00.895+09:30","eventName":"n8n.workflow.success","message":"n8n.workflow.success","payload":{"userId":"c6c3c351-8a4f-4cbd-8335-b6f8a1f3b5f4","executionId":"117","success":true,"isManual":true,"workflowId":"GSH9PvSAvJWzqdsd","workflowName":"notify-task"}}
{"__type":"$$EventMessageConfirm","confirm":"1d3208a1-cb0c-4a8b-96fa-d01d81c6f0e0","ts":"2025-08-04T01:41:00.895+09:30","source":{"id":"0","name":"eventBus"}}
{"__type":"$$EventMessageWorkflow","id":"2fc6110d-f583-4f78-9305-35c6d08523f9","ts":"2025-08-04T01:47:49.625+09:30","eventName":"n8n.workflow.started","message":"n8n.workflow.started","payload":{"executionId":"118","workflowId":"GSH9PvSAvJWzqdsd","isManual":false,"workflowName":"notify-task"}}
{"__type":"$$EventMessageConfirm","confirm":"2fc6110d-f583-4f78-9305-35c6d08523f9","ts":"2025-08-04T01:47:49.625+09:30","source":{"id":"0","name":"eventBus"}}
{"__type":"$$EventMessageNode","id":"9230737b-8ccb-4739-89be-77c93edf024c","ts":"2025-08-04T01:47:49.626+09:30","eventName":"n8n.node.started","message":"n8n.node.started","payload":{"workflowId":"GSH9PvSAvJWzqdsd","workflowName":"notify-task","executionId":"118","nodeType":"n8n-nodes-base.scheduleTrigger","nodeName":"Schedule Trigger","nodeId":"22fba64b-e106-482f-93d0-c300d9b1b67d"}}
{"__type":"$$EventMessageConfirm","confirm":"9230737b-8ccb-4739-89be-77c93edf024c","ts":"2025-08-04T01:47:49.626+09:30","source":{"id":"0","name":"eventBus"}}
{"__type":"$$EventMessageNode","id":"4a6091ca-d0d4-4eab-8769-733ff7515ce8","ts":"2025-08-04T01:47:49.627+09:30","eventName":"n8n.node.finished","message":"n8n.node.finished","payload":{"workflowId":"GSH9PvSAvJWzqdsd","workflowName":"notify-task","executionId":"118","nodeType":"n8n-nodes-base.scheduleTrigger","nodeName":"Schedule Trigger","nodeId":"22fba64b-e106-482f-93d0-c300d9b1b67d"}}
{"__type":"$$EventMessageConfirm","confirm":"4a6091ca-d0d4-4eab-8769-733ff7515ce8","ts":"2025-08-04T01:47:49.627+09:30","source":{"id":"0","name":"eventBus"}}
{"__type":"$$EventMessageWorkflow","id":"f68b69fa-5812-4dd7-a5f3-d199079fbf3f","ts":"2025-08-04T01:47:49.629+09:30","eventName":"n8n.workflow.success","message":"n8n.workflow.success","payload":{"userId":"c6c3c351-8a4f-4cbd-8335-b6f8a1f3b5f4","executionId":"118","success":true,"isManual":true,"workflowId":"GSH9PvSAvJWzqdsd","workflowName":"notify-task"}}
{"__type":"$$EventMessageConfirm","confirm":"f68b69fa-5812-4dd7-a5f3-d199079fbf3f","ts":"2025-08-04T01:47:49.629+09:30","source":{"id":"0","name":"eventBus"}}
{"__type":"$$EventMessageAudit","id":"6e7a9b12-2f5d-439c-8fcf-f719b8133ece","ts":"2025-08-04T01:53:22.555+09:30","eventName":"n8n.audit.workflow.updated","message":"n8n.audit.workflow.updated","payload":{"userId":"c6c3c351-8a4f-4cbd-8335-b6f8a1f3b5f4","_email":"manusjan.997@gmail.com","_firstName":"NUTTAPONG ","_lastName":"Khampoopen","globalRole":"global:owner","workflowId":"GSH9PvSAvJWzqdsd","workflowName":"notify-task"}}
{"__type":"$$EventMessageConfirm","confirm":"6e7a9b12-2f5d-439c-8fcf-f719b8133ece","ts":"2025-08-04T01:53:22.555+09:30","source":{"id":"0","name":"eventBus"}}
{"__type":"$$EventMessageAudit","id":"e05a9e53-1a83-4baf-8f1c-92291dabaf82","ts":"2025-08-04T01:54:19.154+09:30","eventName":"n8n.audit.workflow.updated","message":"n8n.audit.workflow.updated","payload":{"userId":"c6c3c351-8a4f-4cbd-8335-b6f8a1f3b5f4","_email":"manusjan.997@gmail.com","_firstName":"NUTTAPONG ","_lastName":"Khampoopen","globalRole":"global:owner","workflowId":"GSH9PvSAvJWzqdsd","workflowName":"notify-task"}}
{"__type":"$$EventMessageConfirm","confirm":"e05a9e53-1a83-4baf-8f1c-92291dabaf82","ts":"2025-08-04T01:54:19.154+09:30","source":{"id":"0","name":"eventBus"}}
{"__type":"$$EventMessageWorkflow","id":"47f11565-8251-49ea-8b56-c806df0ca081","ts":"2025-08-04T01:54:23.840+09:30","eventName":"n8n.workflow.started","message":"n8n.workflow.started","payload":{"executionId":"119","workflowId":"GSH9PvSAvJWzqdsd","isManual":false,"workflowName":"notify-task"}}
{"__type":"$$EventMessageConfirm","confirm":"47f11565-8251-49ea-8b56-c806df0ca081","ts":"2025-08-04T01:54:23.840+09:30","source":{"id":"0","name":"eventBus"}}
{"__type":"$$EventMessageNode","id":"f09e8977-8518-49b4-a247-dc87d9a94679","ts":"2025-08-04T01:54:23.840+09:30","eventName":"n8n.node.started","message":"n8n.node.started","payload":{"workflowId":"GSH9PvSAvJWzqdsd","workflowName":"notify-task","executionId":"119","nodeType":"n8n-nodes-base.scheduleTrigger","nodeName":"Schedule Trigger","nodeId":"22fba64b-e106-482f-93d0-c300d9b1b67d"}}
{"__type":"$$EventMessageConfirm","confirm":"f09e8977-8518-49b4-a247-dc87d9a94679","ts":"2025-08-04T01:54:23.840+09:30","source":{"id":"0","name":"eventBus"}}
{"__type":"$$EventMessageNode","id":"028758e4-c5d4-4966-8958-9bef5671c752","ts":"2025-08-04T01:54:23.841+09:30","eventName":"n8n.node.finished","message":"n8n.node.finished","payload":{"workflowId":"GSH9PvSAvJWzqdsd","workflowName":"notify-task","executionId":"119","nodeType":"n8n-nodes-base.scheduleTrigger","nodeName":"Schedule Trigger","nodeId":"22fba64b-e106-482f-93d0-c300d9b1b67d"}}
{"__type":"$$EventMessageConfirm","confirm":"028758e4-c5d4-4966-8958-9bef5671c752","ts":"2025-08-04T01:54:23.841+09:30","source":{"id":"0","name":"eventBus"}}
{"__type":"$$EventMessageWorkflow","id":"167ebab9-0d62-4614-85c0-df2693fe31c1","ts":"2025-08-04T01:54:23.842+09:30","eventName":"n8n.workflow.success","message":"n8n.workflow.success","payload":{"userId":"c6c3c351-8a4f-4cbd-8335-b6f8a1f3b5f4","executionId":"119","success":true,"isManual":true,"workflowId":"GSH9PvSAvJWzqdsd","workflowName":"notify-task"}}
{"__type":"$$EventMessageConfirm","confirm":"167ebab9-0d62-4614-85c0-df2693fe31c1","ts":"2025-08-04T01:54:23.842+09:30","source":{"id":"0","name":"eventBus"}}
{"__type":"$$EventMessageAudit","id":"242d2fbc-04f2-40c2-8553-aa21ec1d0f73","ts":"2025-08-04T01:54:50.809+09:30","eventName":"n8n.audit.workflow.updated","message":"n8n.audit.workflow.updated","payload":{"userId":"c6c3c351-8a4f-4cbd-8335-b6f8a1f3b5f4","_email":"manusjan.997@gmail.com","_firstName":"NUTTAPONG ","_lastName":"Khampoopen","globalRole":"global:owner","workflowId":"GSH9PvSAvJWzqdsd","workflowName":"notify-task"}}
{"__type":"$$EventMessageConfirm","confirm":"242d2fbc-04f2-40c2-8553-aa21ec1d0f73","ts":"2025-08-04T01:54:50.809+09:30","source":{"id":"0","name":"eventBus"}}
{"__type":"$$EventMessageWorkflow","id":"292b2071-5d6e-449a-a81b-c60f2a43e688","ts":"2025-08-04T01:54:54.900+09:30","eventName":"n8n.workflow.started","message":"n8n.workflow.started","payload":{"executionId":"120","workflowId":"GSH9PvSAvJWzqdsd","isManual":false,"workflowName":"notify-task"}}
{"__type":"$$EventMessageConfirm","confirm":"292b2071-5d6e-449a-a81b-c60f2a43e688","ts":"2025-08-04T01:54:54.900+09:30","source":{"id":"0","name":"eventBus"}}
{"__type":"$$EventMessageNode","id":"af7502df-1e8a-4c2b-949f-ac2c340c0793","ts":"2025-08-04T01:54:54.900+09:30","eventName":"n8n.node.started","message":"n8n.node.started","payload":{"workflowId":"GSH9PvSAvJWzqdsd","workflowName":"notify-task","executionId":"120","nodeType":"n8n-nodes-base.scheduleTrigger","nodeName":"Schedule Trigger","nodeId":"22fba64b-e106-482f-93d0-c300d9b1b67d"}}
{"__type":"$$EventMessageConfirm","confirm":"af7502df-1e8a-4c2b-949f-ac2c340c0793","ts":"2025-08-04T01:54:54.900+09:30","source":{"id":"0","name":"eventBus"}}
{"__type":"$$EventMessageNode","id":"cf3fd48f-1d63-4213-a9f7-82b11355131e","ts":"2025-08-04T01:54:54.902+09:30","eventName":"n8n.node.finished","message":"n8n.node.finished","payload":{"workflowId":"GSH9PvSAvJWzqdsd","workflowName":"notify-task","executionId":"120","nodeType":"n8n-nodes-base.scheduleTrigger","nodeName":"Schedule Trigger","nodeId":"22fba64b-e106-482f-93d0-c300d9b1b67d"}}
{"__type":"$$EventMessageConfirm","confirm":"cf3fd48f-1d63-4213-a9f7-82b11355131e","ts":"2025-08-04T01:54:54.902+09:30","source":{"id":"0","name":"eventBus"}}
{"__type":"$$EventMessageWorkflow","id":"0720e7d9-8455-42df-a85f-a3a36138cbdb","ts":"2025-08-04T01:54:54.903+09:30","eventName":"n8n.workflow.success","message":"n8n.workflow.success","payload":{"userId":"c6c3c351-8a4f-4cbd-8335-b6f8a1f3b5f4","executionId":"120","success":true,"isManual":true,"workflowId":"GSH9PvSAvJWzqdsd","workflowName":"notify-task"}}
{"__type":"$$EventMessageConfirm","confirm":"0720e7d9-8455-42df-a85f-a3a36138cbdb","ts":"2025-08-04T01:54:54.903+09:30","source":{"id":"0","name":"eventBus"}}
{"__type":"$$EventMessageWorkflow","id":"e4383a5a-fa90-4ab6-ac24-bf5b1875eb2e","ts":"2025-08-04T01:55:11.196+09:30","eventName":"n8n.workflow.started","message":"n8n.workflow.started","payload":{"executionId":"121","workflowId":"GSH9PvSAvJWzqdsd","isManual":false,"workflowName":"notify-task"}}
{"__type":"$$EventMessageConfirm","confirm":"e4383a5a-fa90-4ab6-ac24-bf5b1875eb2e","ts":"2025-08-04T01:55:11.196+09:30","source":{"id":"0","name":"eventBus"}}
{"__type":"$$EventMessageNode","id":"70a2b234-5f24-448c-9321-cb4ae281da45","ts":"2025-08-04T01:55:11.197+09:30","eventName":"n8n.node.started","message":"n8n.node.started","payload":{"workflowId":"GSH9PvSAvJWzqdsd","workflowName":"notify-task","executionId":"121","nodeType":"n8n-nodes-base.httpRequest","nodeName":"HTTP Request","nodeId":"f677bdca-ec01-4088-b962-56c95c9da56f"}}
{"__type":"$$EventMessageConfirm","confirm":"70a2b234-5f24-448c-9321-cb4ae281da45","ts":"2025-08-04T01:55:11.197+09:30","source":{"id":"0","name":"eventBus"}}
{"__type":"$$EventMessageNode","id":"619bdb39-6f60-4eab-a4cc-c7f67e64ddd8","ts":"2025-08-04T01:55:11.233+09:30","eventName":"n8n.node.finished","message":"n8n.node.finished","payload":{"workflowId":"GSH9PvSAvJWzqdsd","workflowName":"notify-task","executionId":"121","nodeType":"n8n-nodes-base.httpRequest","nodeName":"HTTP Request","nodeId":"f677bdca-ec01-4088-b962-56c95c9da56f"}}
{"__type":"$$EventMessageConfirm","confirm":"619bdb39-6f60-4eab-a4cc-c7f67e64ddd8","ts":"2025-08-04T01:55:11.233+09:30","source":{"id":"0","name":"eventBus"}}
{"__type":"$$EventMessageWorkflow","id":"09c1b72a-d73f-4f3d-aa98-ee8d20cc8f5e","ts":"2025-08-04T01:55:11.234+09:30","eventName":"n8n.workflow.success","message":"n8n.workflow.success","payload":{"userId":"c6c3c351-8a4f-4cbd-8335-b6f8a1f3b5f4","executionId":"121","success":true,"isManual":true,"workflowId":"GSH9PvSAvJWzqdsd","workflowName":"notify-task"}}
{"__type":"$$EventMessageConfirm","confirm":"09c1b72a-d73f-4f3d-aa98-ee8d20cc8f5e","ts":"2025-08-04T01:55:11.235+09:30","source":{"id":"0","name":"eventBus"}}
{"__type":"$$EventMessageWorkflow","id":"5421a6e8-3d2f-4719-9747-706e7b576439","ts":"2025-08-04T01:55:52.133+09:30","eventName":"n8n.workflow.started","message":"n8n.workflow.started","payload":{"executionId":"122","workflowId":"GSH9PvSAvJWzqdsd","isManual":false,"workflowName":"notify-task"}}
{"__type":"$$EventMessageConfirm","confirm":"5421a6e8-3d2f-4719-9747-706e7b576439","ts":"2025-08-04T01:55:52.133+09:30","source":{"id":"0","name":"eventBus"}}
{"__type":"$$EventMessageNode","id":"f62ceedd-6da3-4630-b7bd-02d752bdec6a","ts":"2025-08-04T01:55:52.134+09:30","eventName":"n8n.node.started","message":"n8n.node.started","payload":{"workflowId":"GSH9PvSAvJWzqdsd","workflowName":"notify-task","executionId":"122","nodeType":"n8n-nodes-base.if","nodeName":"If","nodeId":"2135cf61-0b53-45fd-9703-e88fb430a1b5"}}
{"__type":"$$EventMessageConfirm","confirm":"f62ceedd-6da3-4630-b7bd-02d752bdec6a","ts":"2025-08-04T01:55:52.134+09:30","source":{"id":"0","name":"eventBus"}}
{"__type":"$$EventMessageNode","id":"32f570bc-7ccc-4376-b5c2-56c86ed823ed","ts":"2025-08-03T16:25:52.182+00:00","eventName":"n8n.node.finished","message":"n8n.node.finished","payload":{"workflowId":"GSH9PvSAvJWzqdsd","workflowName":"notify-task","executionId":"122","nodeType":"n8n-nodes-base.if","nodeName":"If","nodeId":"2135cf61-0b53-45fd-9703-e88fb430a1b5"}}
{"__type":"$$EventMessageConfirm","confirm":"32f570bc-7ccc-4376-b5c2-56c86ed823ed","ts":"2025-08-03T16:25:52.182+00:00","source":{"id":"0","name":"eventBus"}}
{"__type":"$$EventMessageWorkflow","id":"d71e1d27-9844-4649-a512-297586e3bbf0","ts":"2025-08-03T16:25:52.184+00:00","eventName":"n8n.workflow.success","message":"n8n.workflow.success","payload":{"userId":"c6c3c351-8a4f-4cbd-8335-b6f8a1f3b5f4","executionId":"122","success":true,"isManual":true,"workflowId":"GSH9PvSAvJWzqdsd","workflowName":"notify-task"}}
{"__type":"$$EventMessageConfirm","confirm":"d71e1d27-9844-4649-a512-297586e3bbf0","ts":"2025-08-03T16:25:52.184+00:00","source":{"id":"0","name":"eventBus"}}
{"__type":"$$EventMessageWorkflow","id":"de8642b1-dc87-4c7d-92b2-f91793fe6a9e","ts":"2025-08-03T16:27:29.565+00:00","eventName":"n8n.workflow.started","message":"n8n.workflow.started","payload":{"executionId":"123","workflowId":"GSH9PvSAvJWzqdsd","isManual":false,"workflowName":"notify-task"}}
{"__type":"$$EventMessageConfirm","confirm":"de8642b1-dc87-4c7d-92b2-f91793fe6a9e","ts":"2025-08-03T16:27:29.565+00:00","source":{"id":"0","name":"eventBus"}}
{"__type":"$$EventMessageNode","id":"7704d874-fa33-44ae-8b5d-7301e26e25dd","ts":"2025-08-03T16:27:29.566+00:00","eventName":"n8n.node.started","message":"n8n.node.started","payload":{"workflowId":"GSH9PvSAvJWzqdsd","workflowName":"notify-task","executionId":"123","nodeType":"n8n-nodes-base.if","nodeName":"If","nodeId":"2135cf61-0b53-45fd-9703-e88fb430a1b5"}}
{"__type":"$$EventMessageConfirm","confirm":"7704d874-fa33-44ae-8b5d-7301e26e25dd","ts":"2025-08-03T16:27:29.566+00:00","source":{"id":"0","name":"eventBus"}}
{"__type":"$$EventMessageNode","id":"4ed5a16d-3094-4ad4-8882-3744cb4aff9b","ts":"2025-08-03T16:27:29.570+00:00","eventName":"n8n.node.finished","message":"n8n.node.finished","payload":{"workflowId":"GSH9PvSAvJWzqdsd","workflowName":"notify-task","executionId":"123","nodeType":"n8n-nodes-base.if","nodeName":"If","nodeId":"2135cf61-0b53-45fd-9703-e88fb430a1b5"}}
{"__type":"$$EventMessageConfirm","confirm":"4ed5a16d-3094-4ad4-8882-3744cb4aff9b","ts":"2025-08-03T16:27:29.571+00:00","source":{"id":"0","name":"eventBus"}}
{"__type":"$$EventMessageWorkflow","id":"f8668529-7c71-46ce-bb6d-d27a47170dce","ts":"2025-08-03T16:27:29.573+00:00","eventName":"n8n.workflow.success","message":"n8n.workflow.success","payload":{"userId":"c6c3c351-8a4f-4cbd-8335-b6f8a1f3b5f4","executionId":"123","success":true,"isManual":true,"workflowId":"GSH9PvSAvJWzqdsd","workflowName":"notify-task"}}
{"__type":"$$EventMessageConfirm","confirm":"f8668529-7c71-46ce-bb6d-d27a47170dce","ts":"2025-08-03T16:27:29.573+00:00","source":{"id":"0","name":"eventBus"}}
{"__type":"$$EventMessageWorkflow","id":"bc975ccf-a0a9-4ce0-8543-d80d0e47c522","ts":"2025-08-03T16:27:37.237+00:00","eventName":"n8n.workflow.started","message":"n8n.workflow.started","payload":{"executionId":"124","workflowId":"GSH9PvSAvJWzqdsd","isManual":false,"workflowName":"notify-task"}}
{"__type":"$$EventMessageConfirm","confirm":"bc975ccf-a0a9-4ce0-8543-d80d0e47c522","ts":"2025-08-03T16:27:37.237+00:00","source":{"id":"0","name":"eventBus"}}
{"__type":"$$EventMessageNode","id":"51066e92-b88c-4abe-b341-2dc5cc373555","ts":"2025-08-03T16:27:37.238+00:00","eventName":"n8n.node.started","message":"n8n.node.started","payload":{"workflowId":"GSH9PvSAvJWzqdsd","workflowName":"notify-task","executionId":"124","nodeType":"n8n-nodes-base.httpRequest","nodeName":"HTTP Request","nodeId":"f677bdca-ec01-4088-b962-56c95c9da56f"}}
{"__type":"$$EventMessageConfirm","confirm":"51066e92-b88c-4abe-b341-2dc5cc373555","ts":"2025-08-03T16:27:37.238+00:00","source":{"id":"0","name":"eventBus"}}
{"__type":"$$EventMessageNode","id":"2669fbc9-dbca-4ac6-87f5-b994631fbe6a","ts":"2025-08-03T16:27:37.268+00:00","eventName":"n8n.node.finished","message":"n8n.node.finished","payload":{"workflowId":"GSH9PvSAvJWzqdsd","workflowName":"notify-task","executionId":"124","nodeType":"n8n-nodes-base.httpRequest","nodeName":"HTTP Request","nodeId":"f677bdca-ec01-4088-b962-56c95c9da56f"}}
{"__type":"$$EventMessageConfirm","confirm":"2669fbc9-dbca-4ac6-87f5-b994631fbe6a","ts":"2025-08-03T16:27:37.268+00:00","source":{"id":"0","name":"eventBus"}}
{"__type":"$$EventMessageWorkflow","id":"60ba0202-1079-4846-9e36-d853f73e4729","ts":"2025-08-03T16:27:37.269+00:00","eventName":"n8n.workflow.success","message":"n8n.workflow.success","payload":{"userId":"c6c3c351-8a4f-4cbd-8335-b6f8a1f3b5f4","executionId":"124","success":true,"isManual":true,"workflowId":"GSH9PvSAvJWzqdsd","workflowName":"notify-task"}}
{"__type":"$$EventMessageConfirm","confirm":"60ba0202-1079-4846-9e36-d853f73e4729","ts":"2025-08-03T16:27:37.269+00:00","source":{"id":"0","name":"eventBus"}}
{"__type":"$$EventMessageWorkflow","id":"ef292ece-48f6-439b-a245-7a4885c911f1","ts":"2025-08-03T16:27:56.165+00:00","eventName":"n8n.workflow.started","message":"n8n.workflow.started","payload":{"executionId":"125","workflowId":"GSH9PvSAvJWzqdsd","isManual":false,"workflowName":"notify-task"}}
{"__type":"$$EventMessageConfirm","confirm":"ef292ece-48f6-439b-a245-7a4885c911f1","ts":"2025-08-03T16:27:56.165+00:00","source":{"id":"0","name":"eventBus"}}
{"__type":"$$EventMessageNode","id":"2e0de92c-9f6d-43d6-8da9-d548096574d1","ts":"2025-08-03T16:27:56.166+00:00","eventName":"n8n.node.started","message":"n8n.node.started","payload":{"workflowId":"GSH9PvSAvJWzqdsd","workflowName":"notify-task","executionId":"125","nodeType":"n8n-nodes-base.httpRequest","nodeName":"HTTP Request","nodeId":"f677bdca-ec01-4088-b962-56c95c9da56f"}}
{"__type":"$$EventMessageConfirm","confirm":"2e0de92c-9f6d-43d6-8da9-d548096574d1","ts":"2025-08-03T16:27:56.166+00:00","source":{"id":"0","name":"eventBus"}}
{"__type":"$$EventMessageNode","id":"654173d1-e8f6-4f61-ac1b-60886396eb90","ts":"2025-08-03T16:27:56.194+00:00","eventName":"n8n.node.finished","message":"n8n.node.finished","payload":{"workflowId":"GSH9PvSAvJWzqdsd","workflowName":"notify-task","executionId":"125","nodeType":"n8n-nodes-base.httpRequest","nodeName":"HTTP Request","nodeId":"f677bdca-ec01-4088-b962-56c95c9da56f"}}
{"__type":"$$EventMessageConfirm","confirm":"654173d1-e8f6-4f61-ac1b-60886396eb90","ts":"2025-08-03T16:27:56.194+00:00","source":{"id":"0","name":"eventBus"}}
{"__type":"$$EventMessageWorkflow","id":"69ecb45c-d2bb-4819-9117-602adad17b60","ts":"2025-08-03T16:27:56.195+00:00","eventName":"n8n.workflow.success","message":"n8n.workflow.success","payload":{"userId":"c6c3c351-8a4f-4cbd-8335-b6f8a1f3b5f4","executionId":"125","success":true,"isManual":true,"workflowId":"GSH9PvSAvJWzqdsd","workflowName":"notify-task"}}
{"__type":"$$EventMessageConfirm","confirm":"69ecb45c-d2bb-4819-9117-602adad17b60","ts":"2025-08-03T16:27:56.195+00:00","source":{"id":"0","name":"eventBus"}}
{"__type":"$$EventMessageWorkflow","id":"7ec16038-cb34-4675-bfd7-b605b777dd7d","ts":"2025-08-03T16:28:43.588+00:00","eventName":"n8n.workflow.started","message":"n8n.workflow.started","payload":{"executionId":"126","workflowId":"GSH9PvSAvJWzqdsd","isManual":false,"workflowName":"notify-task"}}
{"__type":"$$EventMessageConfirm","confirm":"7ec16038-cb34-4675-bfd7-b605b777dd7d","ts":"2025-08-03T16:28:43.588+00:00","source":{"id":"0","name":"eventBus"}}
{"__type":"$$EventMessageNode","id":"8a89c62c-38e6-4d1c-8c95-0dc7ec5ff503","ts":"2025-08-03T16:28:43.588+00:00","eventName":"n8n.node.started","message":"n8n.node.started","payload":{"workflowId":"GSH9PvSAvJWzqdsd","workflowName":"notify-task","executionId":"126","nodeType":"n8n-nodes-base.if","nodeName":"If","nodeId":"2135cf61-0b53-45fd-9703-e88fb430a1b5"}}
{"__type":"$$EventMessageConfirm","confirm":"8a89c62c-38e6-4d1c-8c95-0dc7ec5ff503","ts":"2025-08-03T16:28:43.588+00:00","source":{"id":"0","name":"eventBus"}}
{"__type":"$$EventMessageNode","id":"f52e6f99-2fa9-4a7c-b2da-b2574a239589","ts":"2025-08-03T16:28:43.596+00:00","eventName":"n8n.node.finished","message":"n8n.node.finished","payload":{"workflowId":"GSH9PvSAvJWzqdsd","workflowName":"notify-task","executionId":"126","nodeType":"n8n-nodes-base.if","nodeName":"If","nodeId":"2135cf61-0b53-45fd-9703-e88fb430a1b5"}}
{"__type":"$$EventMessageConfirm","confirm":"f52e6f99-2fa9-4a7c-b2da-b2574a239589","ts":"2025-08-03T16:28:43.596+00:00","source":{"id":"0","name":"eventBus"}}
{"__type":"$$EventMessageWorkflow","id":"111dc25b-effd-4ff9-baaa-46af1dbcf984","ts":"2025-08-03T16:28:43.597+00:00","eventName":"n8n.workflow.success","message":"n8n.workflow.success","payload":{"userId":"c6c3c351-8a4f-4cbd-8335-b6f8a1f3b5f4","executionId":"126","success":true,"isManual":true,"workflowId":"GSH9PvSAvJWzqdsd","workflowName":"notify-task"}}
{"__type":"$$EventMessageConfirm","confirm":"111dc25b-effd-4ff9-baaa-46af1dbcf984","ts":"2025-08-03T16:28:43.597+00:00","source":{"id":"0","name":"eventBus"}}
{"__type":"$$EventMessageWorkflow","id":"bb46933c-2369-4043-aae3-f750de4bc54f","ts":"2025-08-03T16:29:00.441+00:00","eventName":"n8n.workflow.started","message":"n8n.workflow.started","payload":{"executionId":"127","workflowId":"GSH9PvSAvJWzqdsd","isManual":false,"workflowName":"notify-task"}}
{"__type":"$$EventMessageConfirm","confirm":"bb46933c-2369-4043-aae3-f750de4bc54f","ts":"2025-08-03T16:29:00.442+00:00","source":{"id":"0","name":"eventBus"}}
{"__type":"$$EventMessageNode","id":"df8d58b2-fb88-4e76-a551-0d6c86489388","ts":"2025-08-03T16:29:00.442+00:00","eventName":"n8n.node.started","message":"n8n.node.started","payload":{"workflowId":"GSH9PvSAvJWzqdsd","workflowName":"notify-task","executionId":"127","nodeType":"n8n-nodes-base.emailSend","nodeName":"Send email","nodeId":"b913a9e0-259b-4ff7-8a25-af4b337938ee"}}
{"__type":"$$EventMessageConfirm","confirm":"df8d58b2-fb88-4e76-a551-0d6c86489388","ts":"2025-08-03T16:29:00.442+00:00","source":{"id":"0","name":"eventBus"}}
{"__type":"$$EventMessageNode","id":"e3b96f63-6ec6-47ce-aade-ab76096ae21d","ts":"2025-08-03T16:29:04.835+00:00","eventName":"n8n.node.finished","message":"n8n.node.finished","payload":{"workflowId":"GSH9PvSAvJWzqdsd","workflowName":"notify-task","executionId":"127","nodeType":"n8n-nodes-base.emailSend","nodeName":"Send email","nodeId":"b913a9e0-259b-4ff7-8a25-af4b337938ee"}}
{"__type":"$$EventMessageConfirm","confirm":"e3b96f63-6ec6-47ce-aade-ab76096ae21d","ts":"2025-08-03T16:29:04.835+00:00","source":{"id":"0","name":"eventBus"}}
{"__type":"$$EventMessageWorkflow","id":"ed9797e7-eaa1-4978-a051-d2519800b549","ts":"2025-08-03T16:29:04.837+00:00","eventName":"n8n.workflow.success","message":"n8n.workflow.success","payload":{"userId":"c6c3c351-8a4f-4cbd-8335-b6f8a1f3b5f4","executionId":"127","success":true,"isManual":true,"workflowId":"GSH9PvSAvJWzqdsd","workflowName":"notify-task"}}
{"__type":"$$EventMessageConfirm","confirm":"ed9797e7-eaa1-4978-a051-d2519800b549","ts":"2025-08-03T16:29:04.837+00:00","source":{"id":"0","name":"eventBus"}}
{"__type":"$$EventMessageWorkflow","id":"c8468884-4864-4d77-98cc-060d5960f959","ts":"2025-08-03T16:31:29.408+00:00","eventName":"n8n.workflow.started","message":"n8n.workflow.started","payload":{"executionId":"128","workflowId":"GSH9PvSAvJWzqdsd","isManual":false,"workflowName":"notify-task"}}
{"__type":"$$EventMessageConfirm","confirm":"c8468884-4864-4d77-98cc-060d5960f959","ts":"2025-08-03T16:31:29.408+00:00","source":{"id":"0","name":"eventBus"}}
{"__type":"$$EventMessageNode","id":"db3ada31-1f56-4bfa-97ce-ac78b1b09fb5","ts":"2025-08-03T16:31:29.409+00:00","eventName":"n8n.node.started","message":"n8n.node.started","payload":{"workflowId":"GSH9PvSAvJWzqdsd","workflowName":"notify-task","executionId":"128","nodeType":"n8n-nodes-base.scheduleTrigger","nodeName":"Schedule Trigger","nodeId":"22fba64b-e106-482f-93d0-c300d9b1b67d"}}
{"__type":"$$EventMessageConfirm","confirm":"db3ada31-1f56-4bfa-97ce-ac78b1b09fb5","ts":"2025-08-03T16:31:29.409+00:00","source":{"id":"0","name":"eventBus"}}
{"__type":"$$EventMessageNode","id":"1497a538-062b-49ff-8dd9-1d5c82505482","ts":"2025-08-03T16:31:29.410+00:00","eventName":"n8n.node.finished","message":"n8n.node.finished","payload":{"workflowId":"GSH9PvSAvJWzqdsd","workflowName":"notify-task","executionId":"128","nodeType":"n8n-nodes-base.scheduleTrigger","nodeName":"Schedule Trigger","nodeId":"22fba64b-e106-482f-93d0-c300d9b1b67d"}}
{"__type":"$$EventMessageConfirm","confirm":"1497a538-062b-49ff-8dd9-1d5c82505482","ts":"2025-08-03T16:31:29.411+00:00","source":{"id":"0","name":"eventBus"}}
{"__type":"$$EventMessageWorkflow","id":"0c99866c-081e-42e4-b87f-1b071dc14ea5","ts":"2025-08-03T16:31:29.412+00:00","eventName":"n8n.workflow.success","message":"n8n.workflow.success","payload":{"userId":"c6c3c351-8a4f-4cbd-8335-b6f8a1f3b5f4","executionId":"128","success":true,"isManual":true,"workflowId":"GSH9PvSAvJWzqdsd","workflowName":"notify-task"}}
{"__type":"$$EventMessageConfirm","confirm":"0c99866c-081e-42e4-b87f-1b071dc14ea5","ts":"2025-08-03T16:31:29.412+00:00","source":{"id":"0","name":"eventBus"}}
{"__type":"$$EventMessageAudit","id":"06ca9d8f-207b-49e5-9b52-8141a51d44d6","ts":"2025-08-03T16:31:49.838+00:00","eventName":"n8n.audit.workflow.updated","message":"n8n.audit.workflow.updated","payload":{"userId":"c6c3c351-8a4f-4cbd-8335-b6f8a1f3b5f4","_email":"manusjan.997@gmail.com","_firstName":"NUTTAPONG ","_lastName":"Khampoopen","globalRole":"global:owner","workflowId":"GSH9PvSAvJWzqdsd","workflowName":"notify-task"}}
{"__type":"$$EventMessageConfirm","confirm":"06ca9d8f-207b-49e5-9b52-8141a51d44d6","ts":"2025-08-03T16:31:49.838+00:00","source":{"id":"0","name":"eventBus"}}
{"__type":"$$EventMessageWorkflow","id":"ee99068d-f311-4dc9-916f-95e7775f56a7","ts":"2025-08-03T16:32:00.711+00:00","eventName":"n8n.workflow.started","message":"n8n.workflow.started","payload":{"executionId":"129","workflowId":"GSH9PvSAvJWzqdsd","isManual":false,"workflowName":"notify-task"}}
{"__type":"$$EventMessageConfirm","confirm":"ee99068d-f311-4dc9-916f-95e7775f56a7","ts":"2025-08-03T16:32:00.712+00:00","source":{"id":"0","name":"eventBus"}}
{"__type":"$$EventMessageNode","id":"a44a86eb-1040-45a2-96e4-ec89c46a9fda","ts":"2025-08-03T16:32:00.712+00:00","eventName":"n8n.node.started","message":"n8n.node.started","payload":{"workflowId":"GSH9PvSAvJWzqdsd","workflowName":"notify-task","executionId":"129","nodeType":"n8n-nodes-base.scheduleTrigger","nodeName":"Schedule Trigger","nodeId":"22fba64b-e106-482f-93d0-c300d9b1b67d"}}
{"__type":"$$EventMessageConfirm","confirm":"a44a86eb-1040-45a2-96e4-ec89c46a9fda","ts":"2025-08-03T16:32:00.712+00:00","source":{"id":"0","name":"eventBus"}}
{"__type":"$$EventMessageNode","id":"2e7384a4-337f-4f32-bca3-0e5d62cfc122","ts":"2025-08-03T16:32:00.713+00:00","eventName":"n8n.node.finished","message":"n8n.node.finished","payload":{"workflowId":"GSH9PvSAvJWzqdsd","workflowName":"notify-task","executionId":"129","nodeType":"n8n-nodes-base.scheduleTrigger","nodeName":"Schedule Trigger","nodeId":"22fba64b-e106-482f-93d0-c300d9b1b67d"}}
{"__type":"$$EventMessageConfirm","confirm":"2e7384a4-337f-4f32-bca3-0e5d62cfc122","ts":"2025-08-03T16:32:00.713+00:00","source":{"id":"0","name":"eventBus"}}
{"__type":"$$EventMessageWorkflow","id":"6fad5495-f101-4faf-ae7b-d00b5d31d4a1","ts":"2025-08-03T16:32:00.714+00:00","eventName":"n8n.workflow.success","message":"n8n.workflow.success","payload":{"userId":"c6c3c351-8a4f-4cbd-8335-b6f8a1f3b5f4","executionId":"129","success":true,"isManual":true,"workflowId":"GSH9PvSAvJWzqdsd","workflowName":"notify-task"}}
{"__type":"$$EventMessageConfirm","confirm":"6fad5495-f101-4faf-ae7b-d00b5d31d4a1","ts":"2025-08-03T16:32:00.714+00:00","source":{"id":"0","name":"eventBus"}}
{"__type":"$$EventMessageAudit","id":"d3b40e64-4a53-4ae4-8c3e-ec6ed9d2b2ce","ts":"2025-08-03T16:32:04.413+00:00","eventName":"n8n.audit.workflow.updated","message":"n8n.audit.workflow.updated","payload":{"userId":"c6c3c351-8a4f-4cbd-8335-b6f8a1f3b5f4","_email":"manusjan.997@gmail.com","_firstName":"NUTTAPONG ","_lastName":"Khampoopen","globalRole":"global:owner","workflowId":"GSH9PvSAvJWzqdsd","workflowName":"notify-task"}}
{"__type":"$$EventMessageConfirm","confirm":"d3b40e64-4a53-4ae4-8c3e-ec6ed9d2b2ce","ts":"2025-08-03T16:32:04.413+00:00","source":{"id":"0","name":"eventBus"}}
{"__type":"$$EventMessageWorkflow","id":"61473dee-5196-47b6-a16e-e06ce7c8fecd","ts":"2025-08-03T16:32:07.014+00:00","eventName":"n8n.workflow.started","message":"n8n.workflow.started","payload":{"executionId":"130","workflowId":"GSH9PvSAvJWzqdsd","isManual":false,"workflowName":"notify-task"}}
{"__type":"$$EventMessageConfirm","confirm":"61473dee-5196-47b6-a16e-e06ce7c8fecd","ts":"2025-08-03T16:32:07.014+00:00","source":{"id":"0","name":"eventBus"}}
{"__type":"$$EventMessageNode","id":"8307f120-a8a5-4c39-9cdd-baf00a59c36f","ts":"2025-08-03T16:32:07.015+00:00","eventName":"n8n.node.started","message":"n8n.node.started","payload":{"workflowId":"GSH9PvSAvJWzqdsd","workflowName":"notify-task","executionId":"130","nodeType":"n8n-nodes-base.scheduleTrigger","nodeName":"Schedule Trigger","nodeId":"22fba64b-e106-482f-93d0-c300d9b1b67d"}}
{"__type":"$$EventMessageConfirm","confirm":"8307f120-a8a5-4c39-9cdd-baf00a59c36f","ts":"2025-08-03T16:32:07.015+00:00","source":{"id":"0","name":"eventBus"}}
{"__type":"$$EventMessageNode","id":"08024520-4494-462d-a428-13f48c9f8225","ts":"2025-08-03T16:32:07.016+00:00","eventName":"n8n.node.finished","message":"n8n.node.finished","payload":{"workflowId":"GSH9PvSAvJWzqdsd","workflowName":"notify-task","executionId":"130","nodeType":"n8n-nodes-base.scheduleTrigger","nodeName":"Schedule Trigger","nodeId":"22fba64b-e106-482f-93d0-c300d9b1b67d"}}
{"__type":"$$EventMessageConfirm","confirm":"08024520-4494-462d-a428-13f48c9f8225","ts":"2025-08-03T16:32:07.016+00:00","source":{"id":"0","name":"eventBus"}}
{"__type":"$$EventMessageNode","id":"6e4fb326-a98d-40a8-b947-85670373c3ce","ts":"2025-08-03T16:32:07.017+00:00","eventName":"n8n.node.started","message":"n8n.node.started","payload":{"workflowId":"GSH9PvSAvJWzqdsd","workflowName":"notify-task","executionId":"130","nodeType":"n8n-nodes-base.httpRequest","nodeName":"HTTP Request","nodeId":"f677bdca-ec01-4088-b962-56c95c9da56f"}}
{"__type":"$$EventMessageConfirm","confirm":"6e4fb326-a98d-40a8-b947-85670373c3ce","ts":"2025-08-03T16:32:07.017+00:00","source":{"id":"0","name":"eventBus"}}
{"__type":"$$EventMessageNode","id":"58ae514d-e118-4d5c-b07a-823e549532c4","ts":"2025-08-03T16:32:07.044+00:00","eventName":"n8n.node.finished","message":"n8n.node.finished","payload":{"workflowId":"GSH9PvSAvJWzqdsd","workflowName":"notify-task","executionId":"130","nodeType":"n8n-nodes-base.httpRequest","nodeName":"HTTP Request","nodeId":"f677bdca-ec01-4088-b962-56c95c9da56f"}}
{"__type":"$$EventMessageConfirm","confirm":"58ae514d-e118-4d5c-b07a-823e549532c4","ts":"2025-08-03T16:32:07.044+00:00","source":{"id":"0","name":"eventBus"}}
{"__type":"$$EventMessageNode","id":"ecd717c9-0f6e-41cf-bb70-bc51ead5c9fc","ts":"2025-08-03T16:32:07.044+00:00","eventName":"n8n.node.started","message":"n8n.node.started","payload":{"workflowId":"GSH9PvSAvJWzqdsd","workflowName":"notify-task","executionId":"130","nodeType":"n8n-nodes-base.if","nodeName":"If","nodeId":"2135cf61-0b53-45fd-9703-e88fb430a1b5"}}
{"__type":"$$EventMessageConfirm","confirm":"ecd717c9-0f6e-41cf-bb70-bc51ead5c9fc","ts":"2025-08-03T16:32:07.044+00:00","source":{"id":"0","name":"eventBus"}}
{"__type":"$$EventMessageNode","id":"1364fa1d-d2fa-49a1-9fe1-89521a385b25","ts":"2025-08-03T16:32:07.047+00:00","eventName":"n8n.node.finished","message":"n8n.node.finished","payload":{"workflowId":"GSH9PvSAvJWzqdsd","workflowName":"notify-task","executionId":"130","nodeType":"n8n-nodes-base.if","nodeName":"If","nodeId":"2135cf61-0b53-45fd-9703-e88fb430a1b5"}}
{"__type":"$$EventMessageConfirm","confirm":"1364fa1d-d2fa-49a1-9fe1-89521a385b25","ts":"2025-08-03T16:32:07.047+00:00","source":{"id":"0","name":"eventBus"}}
{"__type":"$$EventMessageNode","id":"afaf1223-1802-4f23-bebe-dcac02e47f87","ts":"2025-08-03T16:32:07.047+00:00","eventName":"n8n.node.started","message":"n8n.node.started","payload":{"workflowId":"GSH9PvSAvJWzqdsd","workflowName":"notify-task","executionId":"130","nodeType":"n8n-nodes-base.emailSend","nodeName":"Send email","nodeId":"b913a9e0-259b-4ff7-8a25-af4b337938ee"}}
{"__type":"$$EventMessageConfirm","confirm":"afaf1223-1802-4f23-bebe-dcac02e47f87","ts":"2025-08-03T16:32:07.047+00:00","source":{"id":"0","name":"eventBus"}}
{"__type":"$$EventMessageNode","id":"0f65b908-ff01-4114-afc5-898065dc4338","ts":"2025-08-03T16:32:10.713+00:00","eventName":"n8n.node.finished","message":"n8n.node.finished","payload":{"workflowId":"GSH9PvSAvJWzqdsd","workflowName":"notify-task","executionId":"130","nodeType":"n8n-nodes-base.emailSend","nodeName":"Send email","nodeId":"b913a9e0-259b-4ff7-8a25-af4b337938ee"}}
{"__type":"$$EventMessageConfirm","confirm":"0f65b908-ff01-4114-afc5-898065dc4338","ts":"2025-08-03T16:32:10.714+00:00","source":{"id":"0","name":"eventBus"}}
{"__type":"$$EventMessageWorkflow","id":"af1e3c0b-5675-42c3-9dce-fd9acca47950","ts":"2025-08-03T16:32:10.717+00:00","eventName":"n8n.workflow.success","message":"n8n.workflow.success","payload":{"userId":"c6c3c351-8a4f-4cbd-8335-b6f8a1f3b5f4","executionId":"130","success":true,"isManual":true,"workflowId":"GSH9PvSAvJWzqdsd","workflowName":"notify-task"}}
{"__type":"$$EventMessageConfirm","confirm":"af1e3c0b-5675-42c3-9dce-fd9acca47950","ts":"2025-08-03T16:32:10.717+00:00","source":{"id":"0","name":"eventBus"}}
{"__type":"$$EventMessageAudit","id":"bc13ac81-8d1d-4070-ab82-f461c6387d9f","ts":"2025-08-03T16:32:28.307+00:00","eventName":"n8n.audit.workflow.updated","message":"n8n.audit.workflow.updated","payload":{"userId":"c6c3c351-8a4f-4cbd-8335-b6f8a1f3b5f4","_email":"manusjan.997@gmail.com","_firstName":"NUTTAPONG ","_lastName":"Khampoopen","globalRole":"global:owner","workflowId":"GSH9PvSAvJWzqdsd","workflowName":"notify-task"}}
{"__type":"$$EventMessageConfirm","confirm":"bc13ac81-8d1d-4070-ab82-f461c6387d9f","ts":"2025-08-03T16:32:28.307+00:00","source":{"id":"0","name":"eventBus"}}
{"__type":"$$EventMessageAudit","id":"e2ebdecd-905a-47fa-b149-79f7021bbc6f","ts":"2025-08-03T16:36:13.387+00:00","eventName":"n8n.audit.workflow.updated","message":"n8n.audit.workflow.updated","payload":{"userId":"c6c3c351-8a4f-4cbd-8335-b6f8a1f3b5f4","_email":"manusjan.997@gmail.com","_firstName":"NUTTAPONG ","_lastName":"Khampoopen","globalRole":"global:owner","workflowId":"GSH9PvSAvJWzqdsd","workflowName":"notify-task"}}
{"__type":"$$EventMessageConfirm","confirm":"e2ebdecd-905a-47fa-b149-79f7021bbc6f","ts":"2025-08-03T16:36:13.388+00:00","source":{"id":"0","name":"eventBus"}}
{"__type":"$$EventMessageWorkflow","id":"db77069c-a468-4db6-84e4-4c5328059381","ts":"2025-08-03T17:03:00.441+00:00","eventName":"n8n.workflow.started","message":"n8n.workflow.started","payload":{"executionId":"131","workflowId":"GSH9PvSAvJWzqdsd","isManual":false,"workflowName":"notify-task"}}
{"__type":"$$EventMessageConfirm","confirm":"db77069c-a468-4db6-84e4-4c5328059381","ts":"2025-08-03T17:03:00.441+00:00","source":{"id":"0","name":"eventBus"}}
{"__type":"$$EventMessageNode","id":"4713adab-eebb-4490-a2f2-c4ba26f84c73","ts":"2025-08-03T17:03:00.442+00:00","eventName":"n8n.node.started","message":"n8n.node.started","payload":{"workflowId":"GSH9PvSAvJWzqdsd","workflowName":"notify-task","executionId":"131","nodeType":"n8n-nodes-base.scheduleTrigger","nodeName":"Schedule Trigger","nodeId":"22fba64b-e106-482f-93d0-c300d9b1b67d"}}
{"__type":"$$EventMessageConfirm","confirm":"4713adab-eebb-4490-a2f2-c4ba26f84c73","ts":"2025-08-03T17:03:00.442+00:00","source":{"id":"0","name":"eventBus"}}
{"__type":"$$EventMessageNode","id":"1ca149b8-791f-427f-a876-398a5cca1a68","ts":"2025-08-03T17:03:00.445+00:00","eventName":"n8n.node.finished","message":"n8n.node.finished","payload":{"workflowId":"GSH9PvSAvJWzqdsd","workflowName":"notify-task","executionId":"131","nodeType":"n8n-nodes-base.scheduleTrigger","nodeName":"Schedule Trigger","nodeId":"22fba64b-e106-482f-93d0-c300d9b1b67d"}}
{"__type":"$$EventMessageConfirm","confirm":"1ca149b8-791f-427f-a876-398a5cca1a68","ts":"2025-08-03T17:03:00.445+00:00","source":{"id":"0","name":"eventBus"}}
{"__type":"$$EventMessageNode","id":"90c7751e-6835-4578-8703-a7044f59bc0f","ts":"2025-08-03T17:03:00.445+00:00","eventName":"n8n.node.started","message":"n8n.node.started","payload":{"workflowId":"GSH9PvSAvJWzqdsd","workflowName":"notify-task","executionId":"131","nodeType":"n8n-nodes-base.httpRequest","nodeName":"HTTP Request","nodeId":"f677bdca-ec01-4088-b962-56c95c9da56f"}}
{"__type":"$$EventMessageConfirm","confirm":"90c7751e-6835-4578-8703-a7044f59bc0f","ts":"2025-08-03T17:03:00.445+00:00","source":{"id":"0","name":"eventBus"}}
{"__type":"$$EventMessageNode","id":"6c304dd1-13e0-431d-a0d9-f3553b2afc0e","ts":"2025-08-03T17:03:00.475+00:00","eventName":"n8n.node.finished","message":"n8n.node.finished","payload":{"workflowId":"GSH9PvSAvJWzqdsd","workflowName":"notify-task","executionId":"131","nodeType":"n8n-nodes-base.httpRequest","nodeName":"HTTP Request","nodeId":"f677bdca-ec01-4088-b962-56c95c9da56f"}}
{"__type":"$$EventMessageConfirm","confirm":"6c304dd1-13e0-431d-a0d9-f3553b2afc0e","ts":"2025-08-03T17:03:00.475+00:00","source":{"id":"0","name":"eventBus"}}
{"__type":"$$EventMessageNode","id":"1397d0d4-0680-4b54-ae95-de2c3b43df6d","ts":"2025-08-03T17:03:00.475+00:00","eventName":"n8n.node.started","message":"n8n.node.started","payload":{"workflowId":"GSH9PvSAvJWzqdsd","workflowName":"notify-task","executionId":"131","nodeType":"n8n-nodes-base.if","nodeName":"If","nodeId":"2135cf61-0b53-45fd-9703-e88fb430a1b5"}}
{"__type":"$$EventMessageConfirm","confirm":"1397d0d4-0680-4b54-ae95-de2c3b43df6d","ts":"2025-08-03T17:03:00.475+00:00","source":{"id":"0","name":"eventBus"}}
{"__type":"$$EventMessageNode","id":"01318518-de09-489c-b36d-0db6d19258f6","ts":"2025-08-03T17:03:00.479+00:00","eventName":"n8n.node.finished","message":"n8n.node.finished","payload":{"workflowId":"GSH9PvSAvJWzqdsd","workflowName":"notify-task","executionId":"131","nodeType":"n8n-nodes-base.if","nodeName":"If","nodeId":"2135cf61-0b53-45fd-9703-e88fb430a1b5"}}
{"__type":"$$EventMessageConfirm","confirm":"01318518-de09-489c-b36d-0db6d19258f6","ts":"2025-08-03T17:03:00.479+00:00","source":{"id":"0","name":"eventBus"}}
{"__type":"$$EventMessageWorkflow","id":"ef4b6f19-d532-4120-b9c4-af56e179caf7","ts":"2025-08-03T17:03:00.480+00:00","eventName":"n8n.workflow.success","message":"n8n.workflow.success","payload":{"userId":"c6c3c351-8a4f-4cbd-8335-b6f8a1f3b5f4","executionId":"131","success":true,"isManual":true,"workflowId":"GSH9PvSAvJWzqdsd","workflowName":"notify-task"}}
{"__type":"$$EventMessageConfirm","confirm":"ef4b6f19-d532-4120-b9c4-af56e179caf7","ts":"2025-08-03T17:03:00.480+00:00","source":{"id":"0","name":"eventBus"}}
