{"__type":"$$EventMessageWorkflow","id":"826f8e50-a820-47ed-94e2-588c7414d3d3","ts":"2025-07-21T21:48:52.982+09:30","eventName":"n8n.workflow.started","message":"n8n.workflow.started","payload":{"executionId":"78","workflowId":"GSH9PvSAvJWzqdsd","isManual":false,"workflowName":"notify-task"}}
{"__type":"$$EventMessageConfirm","confirm":"826f8e50-a820-47ed-94e2-588c7414d3d3","ts":"2025-07-21T21:48:52.982+09:30","source":{"id":"0","name":"eventBus"}}
{"__type":"$$EventMessageNode","id":"aeb3b27a-f318-4c1f-aab6-c3eda0d42b4c","ts":"2025-07-21T21:48:52.983+09:30","eventName":"n8n.node.started","message":"n8n.node.started","payload":{"workflowId":"GSH9PvSAvJWzqdsd","workflowName":"notify-task","executionId":"78","nodeType":"n8n-nodes-base.scheduleTrigger","nodeName":"Schedule Trigger","nodeId":"22fba64b-e106-482f-93d0-c300d9b1b67d"}}
{"__type":"$$EventMessageConfirm","confirm":"aeb3b27a-f318-4c1f-aab6-c3eda0d42b4c","ts":"2025-07-21T21:48:52.983+09:30","source":{"id":"0","name":"eventBus"}}
{"__type":"$$EventMessageNode","id":"d187e04c-ee4a-4184-acf3-16cc97298b77","ts":"2025-07-21T21:48:52.992+09:30","eventName":"n8n.node.finished","message":"n8n.node.finished","payload":{"workflowId":"GSH9PvSAvJWzqdsd","workflowName":"notify-task","executionId":"78","nodeType":"n8n-nodes-base.scheduleTrigger","nodeName":"Schedule Trigger","nodeId":"22fba64b-e106-482f-93d0-c300d9b1b67d"}}
{"__type":"$$EventMessageConfirm","confirm":"d187e04c-ee4a-4184-acf3-16cc97298b77","ts":"2025-07-21T21:48:52.992+09:30","source":{"id":"0","name":"eventBus"}}
{"__type":"$$EventMessageWorkflow","id":"b2c9c3f2-a319-4924-97f8-d3cc5655d732","ts":"2025-07-21T21:48:52.994+09:30","eventName":"n8n.workflow.success","message":"n8n.workflow.success","payload":{"userId":"c6c3c351-8a4f-4cbd-8335-b6f8a1f3b5f4","executionId":"78","success":true,"isManual":true,"workflowId":"GSH9PvSAvJWzqdsd","workflowName":"notify-task"}}
{"__type":"$$EventMessageConfirm","confirm":"b2c9c3f2-a319-4924-97f8-d3cc5655d732","ts":"2025-07-21T21:48:52.994+09:30","source":{"id":"0","name":"eventBus"}}
{"__type":"$$EventMessageWorkflow","id":"0a59c0d0-e2b1-46d6-84fa-4dfd30e157ad","ts":"2025-07-21T21:53:44.772+09:30","eventName":"n8n.workflow.started","message":"n8n.workflow.started","payload":{"executionId":"79","workflowId":"GSH9PvSAvJWzqdsd","isManual":false,"workflowName":"notify-task"}}
{"__type":"$$EventMessageConfirm","confirm":"0a59c0d0-e2b1-46d6-84fa-4dfd30e157ad","ts":"2025-07-21T21:53:44.773+09:30","source":{"id":"0","name":"eventBus"}}
{"__type":"$$EventMessageNode","id":"ecb63dba-8206-41a6-b133-ae704f07df8d","ts":"2025-07-21T21:53:44.773+09:30","eventName":"n8n.node.started","message":"n8n.node.started","payload":{"workflowId":"GSH9PvSAvJWzqdsd","workflowName":"notify-task","executionId":"79","nodeType":"n8n-nodes-base.scheduleTrigger","nodeName":"Schedule Trigger","nodeId":"22fba64b-e106-482f-93d0-c300d9b1b67d"}}
{"__type":"$$EventMessageConfirm","confirm":"ecb63dba-8206-41a6-b133-ae704f07df8d","ts":"2025-07-21T21:53:44.773+09:30","source":{"id":"0","name":"eventBus"}}
{"__type":"$$EventMessageNode","id":"c9e1c5dd-3d5a-4eb0-bbf0-9028369e25c9","ts":"2025-07-21T21:53:44.776+09:30","eventName":"n8n.node.finished","message":"n8n.node.finished","payload":{"workflowId":"GSH9PvSAvJWzqdsd","workflowName":"notify-task","executionId":"79","nodeType":"n8n-nodes-base.scheduleTrigger","nodeName":"Schedule Trigger","nodeId":"22fba64b-e106-482f-93d0-c300d9b1b67d"}}
{"__type":"$$EventMessageConfirm","confirm":"c9e1c5dd-3d5a-4eb0-bbf0-9028369e25c9","ts":"2025-07-21T21:53:44.776+09:30","source":{"id":"0","name":"eventBus"}}
{"__type":"$$EventMessageWorkflow","id":"5fa238f1-a946-423f-a83e-179aa491094b","ts":"2025-07-21T21:53:44.780+09:30","eventName":"n8n.workflow.success","message":"n8n.workflow.success","payload":{"userId":"c6c3c351-8a4f-4cbd-8335-b6f8a1f3b5f4","executionId":"79","success":true,"isManual":true,"workflowId":"GSH9PvSAvJWzqdsd","workflowName":"notify-task"}}
{"__type":"$$EventMessageConfirm","confirm":"5fa238f1-a946-423f-a83e-179aa491094b","ts":"2025-07-21T21:53:44.780+09:30","source":{"id":"0","name":"eventBus"}}
{"__type":"$$EventMessageWorkflow","id":"0f746eb7-ce80-4501-9aaf-0241ea462395","ts":"2025-07-21T21:53:51.628+09:30","eventName":"n8n.workflow.started","message":"n8n.workflow.started","payload":{"executionId":"80","workflowId":"GSH9PvSAvJWzqdsd","isManual":false,"workflowName":"notify-task"}}
{"__type":"$$EventMessageConfirm","confirm":"0f746eb7-ce80-4501-9aaf-0241ea462395","ts":"2025-07-21T21:53:51.628+09:30","source":{"id":"0","name":"eventBus"}}
{"__type":"$$EventMessageNode","id":"3a4d0c9a-2242-4162-8107-f8e52ab36e4f","ts":"2025-07-21T21:53:51.629+09:30","eventName":"n8n.node.started","message":"n8n.node.started","payload":{"workflowId":"GSH9PvSAvJWzqdsd","workflowName":"notify-task","executionId":"80","nodeType":"n8n-nodes-base.scheduleTrigger","nodeName":"Schedule Trigger","nodeId":"22fba64b-e106-482f-93d0-c300d9b1b67d"}}
{"__type":"$$EventMessageConfirm","confirm":"3a4d0c9a-2242-4162-8107-f8e52ab36e4f","ts":"2025-07-21T21:53:51.629+09:30","source":{"id":"0","name":"eventBus"}}
{"__type":"$$EventMessageNode","id":"95a606a8-b029-44fd-a87c-91f6310e6cd2","ts":"2025-07-21T21:53:51.630+09:30","eventName":"n8n.node.finished","message":"n8n.node.finished","payload":{"workflowId":"GSH9PvSAvJWzqdsd","workflowName":"notify-task","executionId":"80","nodeType":"n8n-nodes-base.scheduleTrigger","nodeName":"Schedule Trigger","nodeId":"22fba64b-e106-482f-93d0-c300d9b1b67d"}}
{"__type":"$$EventMessageConfirm","confirm":"95a606a8-b029-44fd-a87c-91f6310e6cd2","ts":"2025-07-21T21:53:51.630+09:30","source":{"id":"0","name":"eventBus"}}
{"__type":"$$EventMessageWorkflow","id":"94c16944-3af4-48ab-af48-e3ede282f230","ts":"2025-07-21T21:53:51.631+09:30","eventName":"n8n.workflow.success","message":"n8n.workflow.success","payload":{"userId":"c6c3c351-8a4f-4cbd-8335-b6f8a1f3b5f4","executionId":"80","success":true,"isManual":true,"workflowId":"GSH9PvSAvJWzqdsd","workflowName":"notify-task"}}
{"__type":"$$EventMessageConfirm","confirm":"94c16944-3af4-48ab-af48-e3ede282f230","ts":"2025-07-21T21:53:51.632+09:30","source":{"id":"0","name":"eventBus"}}
