{"__type":"$$EventMessageAudit","id":"fe3f2473-fd9a-4a45-ab82-511b784b19a9","ts":"2025-07-20T06:31:38.741+00:00","eventName":"n8n.audit.workflow.created","message":"n8n.audit.workflow.created","payload":{"userId":"c6c3c351-8a4f-4cbd-8335-b6f8a1f3b5f4","_email":"nuttapon9.kn@gmail.com","_firstName":"NUTTAPONG ","_lastName":"Khampoopen","globalRole":"global:owner","workflowId":"GSH9PvSAvJWzqdsd","workflowName":"My workflow"}}
{"__type":"$$EventMessageConfirm","confirm":"fe3f2473-fd9a-4a45-ab82-511b784b19a9","ts":"2025-07-20T06:31:38.741+00:00","source":{"id":"0","name":"eventBus"}}
{"__type":"$$EventMessageWorkflow","id":"1e5bdceb-0edb-4057-806d-e099db424f55","ts":"2025-07-20T06:31:39.105+00:00","eventName":"n8n.workflow.started","message":"n8n.workflow.started","payload":{"executionId":"1","workflowId":"GSH9PvSAvJWzqdsd","isManual":false,"workflowName":"My workflow"}}
{"__type":"$$EventMessageConfirm","confirm":"1e5bdceb-0edb-4057-806d-e099db424f55","ts":"2025-07-20T06:31:39.106+00:00","source":{"id":"0","name":"eventBus"}}
{"__type":"$$EventMessageNode","id":"c471fe83-5a7a-4019-87f8-9eb3747a5b87","ts":"2025-07-20T06:31:39.106+00:00","eventName":"n8n.node.started","message":"n8n.node.started","payload":{"workflowId":"GSH9PvSAvJWzqdsd","workflowName":"My workflow","executionId":"1","nodeType":"n8n-nodes-base.manualTrigger","nodeName":"When clicking ‘Execute workflow’","nodeId":"7af48497-0472-4836-9f02-e7e2fa0aef43"}}
{"__type":"$$EventMessageConfirm","confirm":"c471fe83-5a7a-4019-87f8-9eb3747a5b87","ts":"2025-07-20T06:31:39.106+00:00","source":{"id":"0","name":"eventBus"}}
{"__type":"$$EventMessageNode","id":"01058bd4-8428-49f0-8d2e-2472814ff977","ts":"2025-07-20T06:31:39.109+00:00","eventName":"n8n.node.finished","message":"n8n.node.finished","payload":{"workflowId":"GSH9PvSAvJWzqdsd","workflowName":"My workflow","executionId":"1","nodeType":"n8n-nodes-base.manualTrigger","nodeName":"When clicking ‘Execute workflow’","nodeId":"7af48497-0472-4836-9f02-e7e2fa0aef43"}}
{"__type":"$$EventMessageConfirm","confirm":"01058bd4-8428-49f0-8d2e-2472814ff977","ts":"2025-07-20T06:31:39.109+00:00","source":{"id":"0","name":"eventBus"}}
{"__type":"$$EventMessageNode","id":"bd8205b7-2520-4d8c-9c9d-792a4e40d2e7","ts":"2025-07-20T06:31:39.109+00:00","eventName":"n8n.node.started","message":"n8n.node.started","payload":{"workflowId":"GSH9PvSAvJWzqdsd","workflowName":"My workflow","executionId":"1","nodeType":"n8n-nodes-base.httpRequest","nodeName":"HTTP Request","nodeId":"f677bdca-ec01-4088-b962-56c95c9da56f"}}
{"__type":"$$EventMessageConfirm","confirm":"bd8205b7-2520-4d8c-9c9d-792a4e40d2e7","ts":"2025-07-20T06:31:39.110+00:00","source":{"id":"0","name":"eventBus"}}
{"__type":"$$EventMessageNode","id":"fef5ee11-047b-4b11-a1fc-4a02713c295b","ts":"2025-07-20T06:31:39.164+00:00","eventName":"n8n.node.finished","message":"n8n.node.finished","payload":{"workflowId":"GSH9PvSAvJWzqdsd","workflowName":"My workflow","executionId":"1","nodeType":"n8n-nodes-base.httpRequest","nodeName":"HTTP Request","nodeId":"f677bdca-ec01-4088-b962-56c95c9da56f"}}
{"__type":"$$EventMessageConfirm","confirm":"fef5ee11-047b-4b11-a1fc-4a02713c295b","ts":"2025-07-20T06:31:39.164+00:00","source":{"id":"0","name":"eventBus"}}
{"__type":"$$EventMessageWorkflow","id":"6bbbaef9-d526-4ef4-bbfe-34edb86f0137","ts":"2025-07-20T06:31:39.166+00:00","eventName":"n8n.workflow.failed","message":"n8n.workflow.failed","payload":{"userId":"c6c3c351-8a4f-4cbd-8335-b6f8a1f3b5f4","executionId":"1","success":false,"isManual":true,"workflowId":"GSH9PvSAvJWzqdsd","workflowName":"My workflow","lastNodeExecuted":"HTTP Request","errorNodeType":"n8n-nodes-base.httpRequest","errorMessage":"The service refused the connection - perhaps it is offline"}}
{"__type":"$$EventMessageConfirm","confirm":"6bbbaef9-d526-4ef4-bbfe-34edb86f0137","ts":"2025-07-20T06:31:39.166+00:00","source":{"id":"0","name":"eventBus"}}
{"__type":"$$EventMessageWorkflow","id":"747bc79d-0197-4d7c-bf65-e53a63e7b232","ts":"2025-07-20T07:21:12.043+00:00","eventName":"n8n.workflow.started","message":"n8n.workflow.started","payload":{"executionId":"2","workflowId":"GSH9PvSAvJWzqdsd","isManual":false,"workflowName":"My workflow"}}
{"__type":"$$EventMessageConfirm","confirm":"747bc79d-0197-4d7c-bf65-e53a63e7b232","ts":"2025-07-20T07:21:12.043+00:00","source":{"id":"0","name":"eventBus"}}
{"__type":"$$EventMessageNode","id":"92e42367-7139-409f-b34c-22e87baac57d","ts":"2025-07-20T07:21:12.043+00:00","eventName":"n8n.node.started","message":"n8n.node.started","payload":{"workflowId":"GSH9PvSAvJWzqdsd","workflowName":"My workflow","executionId":"2","nodeType":"n8n-nodes-base.httpRequest","nodeName":"HTTP Request","nodeId":"f677bdca-ec01-4088-b962-56c95c9da56f"}}
{"__type":"$$EventMessageConfirm","confirm":"92e42367-7139-409f-b34c-22e87baac57d","ts":"2025-07-20T07:21:12.044+00:00","source":{"id":"0","name":"eventBus"}}
{"__type":"$$EventMessageNode","id":"8e17d88f-46fa-4422-a3d2-47a0370ab4d2","ts":"2025-07-20T07:21:12.050+00:00","eventName":"n8n.node.finished","message":"n8n.node.finished","payload":{"workflowId":"GSH9PvSAvJWzqdsd","workflowName":"My workflow","executionId":"2","nodeType":"n8n-nodes-base.httpRequest","nodeName":"HTTP Request","nodeId":"f677bdca-ec01-4088-b962-56c95c9da56f"}}
{"__type":"$$EventMessageConfirm","confirm":"8e17d88f-46fa-4422-a3d2-47a0370ab4d2","ts":"2025-07-20T07:21:12.050+00:00","source":{"id":"0","name":"eventBus"}}
{"__type":"$$EventMessageWorkflow","id":"7d8aafc8-e68a-42b1-9308-bc00332a5188","ts":"2025-07-20T07:21:12.052+00:00","eventName":"n8n.workflow.failed","message":"n8n.workflow.failed","payload":{"userId":"c6c3c351-8a4f-4cbd-8335-b6f8a1f3b5f4","executionId":"2","success":false,"isManual":true,"workflowId":"GSH9PvSAvJWzqdsd","workflowName":"My workflow","lastNodeExecuted":"HTTP Request","errorNodeType":"n8n-nodes-base.httpRequest","errorMessage":"The service refused the connection - perhaps it is offline"}}
{"__type":"$$EventMessageConfirm","confirm":"7d8aafc8-e68a-42b1-9308-bc00332a5188","ts":"2025-07-20T07:21:12.052+00:00","source":{"id":"0","name":"eventBus"}}
{"__type":"$$EventMessageWorkflow","id":"8b153038-0666-4984-954d-9d7864b5956e","ts":"2025-07-20T07:22:46.434+00:00","eventName":"n8n.workflow.started","message":"n8n.workflow.started","payload":{"executionId":"3","workflowId":"GSH9PvSAvJWzqdsd","isManual":false,"workflowName":"My workflow"}}
{"__type":"$$EventMessageConfirm","confirm":"8b153038-0666-4984-954d-9d7864b5956e","ts":"2025-07-20T07:22:46.434+00:00","source":{"id":"0","name":"eventBus"}}
{"__type":"$$EventMessageNode","id":"343e756f-a9aa-4843-b69a-f25dda25e37c","ts":"2025-07-20T07:22:46.434+00:00","eventName":"n8n.node.started","message":"n8n.node.started","payload":{"workflowId":"GSH9PvSAvJWzqdsd","workflowName":"My workflow","executionId":"3","nodeType":"n8n-nodes-base.httpRequest","nodeName":"HTTP Request","nodeId":"f677bdca-ec01-4088-b962-56c95c9da56f"}}
{"__type":"$$EventMessageConfirm","confirm":"343e756f-a9aa-4843-b69a-f25dda25e37c","ts":"2025-07-20T07:22:46.434+00:00","source":{"id":"0","name":"eventBus"}}
{"__type":"$$EventMessageNode","id":"25881917-919c-425a-965c-07d1d98636be","ts":"2025-07-20T07:22:46.483+00:00","eventName":"n8n.node.finished","message":"n8n.node.finished","payload":{"workflowId":"GSH9PvSAvJWzqdsd","workflowName":"My workflow","executionId":"3","nodeType":"n8n-nodes-base.httpRequest","nodeName":"HTTP Request","nodeId":"f677bdca-ec01-4088-b962-56c95c9da56f"}}
{"__type":"$$EventMessageConfirm","confirm":"25881917-919c-425a-965c-07d1d98636be","ts":"2025-07-20T07:22:46.483+00:00","source":{"id":"0","name":"eventBus"}}
{"__type":"$$EventMessageWorkflow","id":"eaeecd7b-8c01-4578-942e-a3800e92c886","ts":"2025-07-20T07:22:46.485+00:00","eventName":"n8n.workflow.success","message":"n8n.workflow.success","payload":{"userId":"c6c3c351-8a4f-4cbd-8335-b6f8a1f3b5f4","executionId":"3","success":true,"isManual":true,"workflowId":"GSH9PvSAvJWzqdsd","workflowName":"My workflow"}}
{"__type":"$$EventMessageConfirm","confirm":"eaeecd7b-8c01-4578-942e-a3800e92c886","ts":"2025-07-20T07:22:46.485+00:00","source":{"id":"0","name":"eventBus"}}
{"__type":"$$EventMessageWorkflow","id":"b78d691f-c0d0-467e-b201-b1d9e372b68e","ts":"2025-07-20T07:24:42.894+00:00","eventName":"n8n.workflow.started","message":"n8n.workflow.started","payload":{"executionId":"4","workflowId":"GSH9PvSAvJWzqdsd","isManual":false,"workflowName":"My workflow"}}
{"__type":"$$EventMessageConfirm","confirm":"b78d691f-c0d0-467e-b201-b1d9e372b68e","ts":"2025-07-20T07:24:42.894+00:00","source":{"id":"0","name":"eventBus"}}
{"__type":"$$EventMessageNode","id":"725996c8-416b-483a-8e34-11007faaefeb","ts":"2025-07-20T07:24:42.895+00:00","eventName":"n8n.node.started","message":"n8n.node.started","payload":{"workflowId":"GSH9PvSAvJWzqdsd","workflowName":"My workflow","executionId":"4","nodeType":"n8n-nodes-base.manualTrigger","nodeName":"When clicking ‘Execute workflow’","nodeId":"7af48497-0472-4836-9f02-e7e2fa0aef43"}}
{"__type":"$$EventMessageConfirm","confirm":"725996c8-416b-483a-8e34-11007faaefeb","ts":"2025-07-20T07:24:42.895+00:00","source":{"id":"0","name":"eventBus"}}
{"__type":"$$EventMessageNode","id":"6c864e83-9b45-4fc1-84c2-ee184304f069","ts":"2025-07-20T07:24:42.896+00:00","eventName":"n8n.node.finished","message":"n8n.node.finished","payload":{"workflowId":"GSH9PvSAvJWzqdsd","workflowName":"My workflow","executionId":"4","nodeType":"n8n-nodes-base.manualTrigger","nodeName":"When clicking ‘Execute workflow’","nodeId":"7af48497-0472-4836-9f02-e7e2fa0aef43"}}
{"__type":"$$EventMessageConfirm","confirm":"6c864e83-9b45-4fc1-84c2-ee184304f069","ts":"2025-07-20T07:24:42.896+00:00","source":{"id":"0","name":"eventBus"}}
{"__type":"$$EventMessageNode","id":"d6ad5683-e365-4bcb-b36d-565856760c8d","ts":"2025-07-20T07:24:42.896+00:00","eventName":"n8n.node.started","message":"n8n.node.started","payload":{"workflowId":"GSH9PvSAvJWzqdsd","workflowName":"My workflow","executionId":"4","nodeType":"n8n-nodes-base.httpRequest","nodeName":"HTTP Request","nodeId":"f677bdca-ec01-4088-b962-56c95c9da56f"}}
{"__type":"$$EventMessageConfirm","confirm":"d6ad5683-e365-4bcb-b36d-565856760c8d","ts":"2025-07-20T07:24:42.896+00:00","source":{"id":"0","name":"eventBus"}}
{"__type":"$$EventMessageNode","id":"9624f5b8-e01f-4d78-82e5-78496ecd7cd4","ts":"2025-07-20T07:24:42.930+00:00","eventName":"n8n.node.finished","message":"n8n.node.finished","payload":{"workflowId":"GSH9PvSAvJWzqdsd","workflowName":"My workflow","executionId":"4","nodeType":"n8n-nodes-base.httpRequest","nodeName":"HTTP Request","nodeId":"f677bdca-ec01-4088-b962-56c95c9da56f"}}
{"__type":"$$EventMessageConfirm","confirm":"9624f5b8-e01f-4d78-82e5-78496ecd7cd4","ts":"2025-07-20T07:24:42.930+00:00","source":{"id":"0","name":"eventBus"}}
{"__type":"$$EventMessageWorkflow","id":"ef6a1a4c-01de-469b-a657-07b3eaf1c486","ts":"2025-07-20T07:24:42.931+00:00","eventName":"n8n.workflow.success","message":"n8n.workflow.success","payload":{"userId":"c6c3c351-8a4f-4cbd-8335-b6f8a1f3b5f4","executionId":"4","success":true,"isManual":true,"workflowId":"GSH9PvSAvJWzqdsd","workflowName":"My workflow"}}
{"__type":"$$EventMessageConfirm","confirm":"ef6a1a4c-01de-469b-a657-07b3eaf1c486","ts":"2025-07-20T07:24:42.931+00:00","source":{"id":"0","name":"eventBus"}}
{"__type":"$$EventMessageAudit","id":"af3d141b-3ac8-46cf-a39d-bf9bfd589bfa","ts":"2025-07-20T07:24:47.403+00:00","eventName":"n8n.audit.workflow.updated","message":"n8n.audit.workflow.updated","payload":{"userId":"c6c3c351-8a4f-4cbd-8335-b6f8a1f3b5f4","_email":"nuttapon9.kn@gmail.com","_firstName":"NUTTAPONG ","_lastName":"Khampoopen","globalRole":"global:owner","workflowId":"GSH9PvSAvJWzqdsd","workflowName":"My workflow"}}
{"__type":"$$EventMessageConfirm","confirm":"af3d141b-3ac8-46cf-a39d-bf9bfd589bfa","ts":"2025-07-20T07:24:47.403+00:00","source":{"id":"0","name":"eventBus"}}
