{"__type":"$$EventMessageAudit","id":"035dc28c-f794-4477-b951-8975ecfed2d6","ts":"2025-08-03T14:48:26.196+09:30","eventName":"n8n.audit.user.login.success","message":"n8n.audit.user.login.success","payload":{"userId":"c6c3c351-8a4f-4cbd-8335-b6f8a1f3b5f4","_email":"manusjan.997@gmail.com","_firstName":"NUTTAPONG ","_lastName":"Khampoopen","globalRole":"global:owner","authenticationMethod":"email"}}
{"__type":"$$EventMessageConfirm","confirm":"035dc28c-f794-4477-b951-8975ecfed2d6","ts":"2025-08-03T14:48:26.197+09:30","source":{"id":"0","name":"eventBus"}}
{"__type":"$$EventMessageAudit","id":"b9d86bb0-bb34-4275-b43f-dbf86c478269","ts":"2025-08-03T14:48:51.668+09:30","eventName":"n8n.audit.workflow.updated","message":"n8n.audit.workflow.updated","payload":{"userId":"c6c3c351-8a4f-4cbd-8335-b6f8a1f3b5f4","_email":"manusjan.997@gmail.com","_firstName":"NUTTAPONG ","_lastName":"Khampoopen","globalRole":"global:owner","workflowId":"GSH9PvSAvJWzqdsd","workflowName":"notify-task"}}
{"__type":"$$EventMessageConfirm","confirm":"b9d86bb0-bb34-4275-b43f-dbf86c478269","ts":"2025-08-03T14:48:51.669+09:30","source":{"id":"0","name":"eventBus"}}
{"__type":"$$EventMessageWorkflow","id":"83d6105b-e4f3-4084-8b23-19e873bb96b2","ts":"2025-08-03T14:50:43.357+09:30","eventName":"n8n.workflow.started","message":"n8n.workflow.started","payload":{"executionId":"93","workflowId":"GSH9PvSAvJWzqdsd","isManual":false,"workflowName":"notify-task"}}
{"__type":"$$EventMessageConfirm","confirm":"83d6105b-e4f3-4084-8b23-19e873bb96b2","ts":"2025-08-03T14:50:43.357+09:30","source":{"id":"0","name":"eventBus"}}
{"__type":"$$EventMessageNode","id":"c9956b4b-216e-4e20-9725-eb565e90848b","ts":"2025-08-03T14:50:43.358+09:30","eventName":"n8n.node.started","message":"n8n.node.started","payload":{"workflowId":"GSH9PvSAvJWzqdsd","workflowName":"notify-task","executionId":"93","nodeType":"n8n-nodes-base.scheduleTrigger","nodeName":"Schedule Trigger","nodeId":"22fba64b-e106-482f-93d0-c300d9b1b67d"}}
{"__type":"$$EventMessageConfirm","confirm":"c9956b4b-216e-4e20-9725-eb565e90848b","ts":"2025-08-03T14:50:43.358+09:30","source":{"id":"0","name":"eventBus"}}
{"__type":"$$EventMessageNode","id":"180d9823-fb40-4319-8c0a-48ce6de68edf","ts":"2025-08-03T14:50:43.367+09:30","eventName":"n8n.node.finished","message":"n8n.node.finished","payload":{"workflowId":"GSH9PvSAvJWzqdsd","workflowName":"notify-task","executionId":"93","nodeType":"n8n-nodes-base.scheduleTrigger","nodeName":"Schedule Trigger","nodeId":"22fba64b-e106-482f-93d0-c300d9b1b67d"}}
{"__type":"$$EventMessageConfirm","confirm":"180d9823-fb40-4319-8c0a-48ce6de68edf","ts":"2025-08-03T14:50:43.367+09:30","source":{"id":"0","name":"eventBus"}}
{"__type":"$$EventMessageNode","id":"c1e92bce-75b8-41a5-ad66-c9c576efb28b","ts":"2025-08-03T14:50:43.367+09:30","eventName":"n8n.node.started","message":"n8n.node.started","payload":{"workflowId":"GSH9PvSAvJWzqdsd","workflowName":"notify-task","executionId":"93","nodeType":"n8n-nodes-base.code","nodeName":"Code","nodeId":"3ec9bbb3-6a14-4033-9260-96413a3de2c4"}}
{"__type":"$$EventMessageConfirm","confirm":"c1e92bce-75b8-41a5-ad66-c9c576efb28b","ts":"2025-08-03T14:50:43.367+09:30","source":{"id":"0","name":"eventBus"}}
{"__type":"$$EventMessageNode","id":"83a88b00-3d0c-4b1f-88b9-3ce0ff93ffd1","ts":"2025-08-03T01:20:43.382-04:00","eventName":"n8n.node.finished","message":"n8n.node.finished","payload":{"workflowId":"GSH9PvSAvJWzqdsd","workflowName":"notify-task","executionId":"93","nodeType":"n8n-nodes-base.code","nodeName":"Code","nodeId":"3ec9bbb3-6a14-4033-9260-96413a3de2c4"}}
{"__type":"$$EventMessageConfirm","confirm":"83a88b00-3d0c-4b1f-88b9-3ce0ff93ffd1","ts":"2025-08-03T01:20:43.382-04:00","source":{"id":"0","name":"eventBus"}}
{"__type":"$$EventMessageWorkflow","id":"6cd2da0d-0724-4b99-9adb-298bd4d9e5ab","ts":"2025-08-03T01:20:43.386-04:00","eventName":"n8n.workflow.failed","message":"n8n.workflow.failed","payload":{"userId":"c6c3c351-8a4f-4cbd-8335-b6f8a1f3b5f4","executionId":"93","success":false,"isManual":true,"workflowId":"GSH9PvSAvJWzqdsd","workflowName":"notify-task","lastNodeExecuted":"Code","errorNodeType":"n8n-nodes-base.code","errorMessage":"Cannot find module 'luxon' [line 1, for item 0]"}}
{"__type":"$$EventMessageConfirm","confirm":"6cd2da0d-0724-4b99-9adb-298bd4d9e5ab","ts":"2025-08-03T01:20:43.386-04:00","source":{"id":"0","name":"eventBus"}}
{"__type":"$$EventMessageWorkflow","id":"e3ed5790-c449-4be7-acf7-e4c217276ccb","ts":"2025-08-03T01:21:48.871-04:00","eventName":"n8n.workflow.started","message":"n8n.workflow.started","payload":{"executionId":"94","workflowId":"GSH9PvSAvJWzqdsd","isManual":false,"workflowName":"notify-task"}}
{"__type":"$$EventMessageConfirm","confirm":"e3ed5790-c449-4be7-acf7-e4c217276ccb","ts":"2025-08-03T01:21:48.871-04:00","source":{"id":"0","name":"eventBus"}}
{"__type":"$$EventMessageNode","id":"9cbfb913-2bde-413e-87c8-e454a0d4a10a","ts":"2025-08-03T01:21:48.871-04:00","eventName":"n8n.node.started","message":"n8n.node.started","payload":{"workflowId":"GSH9PvSAvJWzqdsd","workflowName":"notify-task","executionId":"94","nodeType":"n8n-nodes-base.httpRequest","nodeName":"HTTP Request","nodeId":"f677bdca-ec01-4088-b962-56c95c9da56f"}}
{"__type":"$$EventMessageConfirm","confirm":"9cbfb913-2bde-413e-87c8-e454a0d4a10a","ts":"2025-08-03T01:21:48.871-04:00","source":{"id":"0","name":"eventBus"}}
{"__type":"$$EventMessageNode","id":"a305b11e-ce58-43da-ae14-4bb5c487461a","ts":"2025-08-03T01:21:48.942-04:00","eventName":"n8n.node.finished","message":"n8n.node.finished","payload":{"workflowId":"GSH9PvSAvJWzqdsd","workflowName":"notify-task","executionId":"94","nodeType":"n8n-nodes-base.httpRequest","nodeName":"HTTP Request","nodeId":"f677bdca-ec01-4088-b962-56c95c9da56f"}}
{"__type":"$$EventMessageConfirm","confirm":"a305b11e-ce58-43da-ae14-4bb5c487461a","ts":"2025-08-03T01:21:48.942-04:00","source":{"id":"0","name":"eventBus"}}
{"__type":"$$EventMessageWorkflow","id":"144b6a21-f94d-467c-9d30-0a510b79e43e","ts":"2025-08-03T01:21:48.944-04:00","eventName":"n8n.workflow.failed","message":"n8n.workflow.failed","payload":{"userId":"c6c3c351-8a4f-4cbd-8335-b6f8a1f3b5f4","executionId":"94","success":false,"isManual":true,"workflowId":"GSH9PvSAvJWzqdsd","workflowName":"notify-task","lastNodeExecuted":"HTTP Request","errorNodeType":"n8n-nodes-base.httpRequest","errorMessage":"The service refused the connection - perhaps it is offline"}}
{"__type":"$$EventMessageConfirm","confirm":"144b6a21-f94d-467c-9d30-0a510b79e43e","ts":"2025-08-03T01:21:48.944-04:00","source":{"id":"0","name":"eventBus"}}
{"__type":"$$EventMessageWorkflow","id":"1ed0f867-6f71-43d8-ae06-482c9d68e93c","ts":"2025-08-03T01:22:15.772-04:00","eventName":"n8n.workflow.started","message":"n8n.workflow.started","payload":{"executionId":"95","workflowId":"GSH9PvSAvJWzqdsd","isManual":false,"workflowName":"notify-task"}}
{"__type":"$$EventMessageConfirm","confirm":"1ed0f867-6f71-43d8-ae06-482c9d68e93c","ts":"2025-08-03T01:22:15.772-04:00","source":{"id":"0","name":"eventBus"}}
{"__type":"$$EventMessageNode","id":"fdacfaea-7ca2-4cf5-9253-4d7ae94f6936","ts":"2025-08-03T01:22:15.773-04:00","eventName":"n8n.node.started","message":"n8n.node.started","payload":{"workflowId":"GSH9PvSAvJWzqdsd","workflowName":"notify-task","executionId":"95","nodeType":"n8n-nodes-base.httpRequest","nodeName":"HTTP Request","nodeId":"f677bdca-ec01-4088-b962-56c95c9da56f"}}
{"__type":"$$EventMessageConfirm","confirm":"fdacfaea-7ca2-4cf5-9253-4d7ae94f6936","ts":"2025-08-03T01:22:15.773-04:00","source":{"id":"0","name":"eventBus"}}
{"__type":"$$EventMessageNode","id":"1acf223e-b33c-46d6-9ca9-2b478b1257a1","ts":"2025-08-03T01:22:16.864-04:00","eventName":"n8n.node.finished","message":"n8n.node.finished","payload":{"workflowId":"GSH9PvSAvJWzqdsd","workflowName":"notify-task","executionId":"95","nodeType":"n8n-nodes-base.httpRequest","nodeName":"HTTP Request","nodeId":"f677bdca-ec01-4088-b962-56c95c9da56f"}}
{"__type":"$$EventMessageConfirm","confirm":"1acf223e-b33c-46d6-9ca9-2b478b1257a1","ts":"2025-08-03T01:22:16.864-04:00","source":{"id":"0","name":"eventBus"}}
{"__type":"$$EventMessageWorkflow","id":"a7946f88-cbef-4505-b423-3548140089d2","ts":"2025-08-03T01:22:16.866-04:00","eventName":"n8n.workflow.success","message":"n8n.workflow.success","payload":{"userId":"c6c3c351-8a4f-4cbd-8335-b6f8a1f3b5f4","executionId":"95","success":true,"isManual":true,"workflowId":"GSH9PvSAvJWzqdsd","workflowName":"notify-task"}}
{"__type":"$$EventMessageConfirm","confirm":"a7946f88-cbef-4505-b423-3548140089d2","ts":"2025-08-03T01:22:16.866-04:00","source":{"id":"0","name":"eventBus"}}
{"__type":"$$EventMessageWorkflow","id":"86de6771-b743-4ae6-8dfb-fe106e541170","ts":"2025-08-03T01:23:26.212-04:00","eventName":"n8n.workflow.started","message":"n8n.workflow.started","payload":{"executionId":"96","workflowId":"GSH9PvSAvJWzqdsd","isManual":false,"workflowName":"notify-task"}}
{"__type":"$$EventMessageConfirm","confirm":"86de6771-b743-4ae6-8dfb-fe106e541170","ts":"2025-08-03T01:23:26.212-04:00","source":{"id":"0","name":"eventBus"}}
{"__type":"$$EventMessageNode","id":"63c8a772-1ed2-4360-8eb8-47be83e071c0","ts":"2025-08-03T01:23:26.213-04:00","eventName":"n8n.node.started","message":"n8n.node.started","payload":{"workflowId":"GSH9PvSAvJWzqdsd","workflowName":"notify-task","executionId":"96","nodeType":"n8n-nodes-base.scheduleTrigger","nodeName":"Schedule Trigger","nodeId":"22fba64b-e106-482f-93d0-c300d9b1b67d"}}
{"__type":"$$EventMessageConfirm","confirm":"63c8a772-1ed2-4360-8eb8-47be83e071c0","ts":"2025-08-03T01:23:26.213-04:00","source":{"id":"0","name":"eventBus"}}
{"__type":"$$EventMessageNode","id":"b2585d38-0d4f-4b01-9811-595bc512fb51","ts":"2025-08-03T01:23:26.214-04:00","eventName":"n8n.node.finished","message":"n8n.node.finished","payload":{"workflowId":"GSH9PvSAvJWzqdsd","workflowName":"notify-task","executionId":"96","nodeType":"n8n-nodes-base.scheduleTrigger","nodeName":"Schedule Trigger","nodeId":"22fba64b-e106-482f-93d0-c300d9b1b67d"}}
{"__type":"$$EventMessageConfirm","confirm":"b2585d38-0d4f-4b01-9811-595bc512fb51","ts":"2025-08-03T01:23:26.214-04:00","source":{"id":"0","name":"eventBus"}}
{"__type":"$$EventMessageNode","id":"cdc5464a-3f23-4fd7-80fc-991c47f0312f","ts":"2025-08-03T01:23:26.215-04:00","eventName":"n8n.node.started","message":"n8n.node.started","payload":{"workflowId":"GSH9PvSAvJWzqdsd","workflowName":"notify-task","executionId":"96","nodeType":"n8n-nodes-base.httpRequest","nodeName":"HTTP Request","nodeId":"f677bdca-ec01-4088-b962-56c95c9da56f"}}
{"__type":"$$EventMessageConfirm","confirm":"cdc5464a-3f23-4fd7-80fc-991c47f0312f","ts":"2025-08-03T01:23:26.215-04:00","source":{"id":"0","name":"eventBus"}}
{"__type":"$$EventMessageNode","id":"aacb1e90-8b10-4a12-9174-ffc8b5714bb9","ts":"2025-08-03T01:23:26.246-04:00","eventName":"n8n.node.finished","message":"n8n.node.finished","payload":{"workflowId":"GSH9PvSAvJWzqdsd","workflowName":"notify-task","executionId":"96","nodeType":"n8n-nodes-base.httpRequest","nodeName":"HTTP Request","nodeId":"f677bdca-ec01-4088-b962-56c95c9da56f"}}
{"__type":"$$EventMessageConfirm","confirm":"aacb1e90-8b10-4a12-9174-ffc8b5714bb9","ts":"2025-08-03T01:23:26.246-04:00","source":{"id":"0","name":"eventBus"}}
{"__type":"$$EventMessageWorkflow","id":"ebe2ad53-f0f5-48f2-9c1b-c00f75902a83","ts":"2025-08-03T01:23:26.247-04:00","eventName":"n8n.workflow.success","message":"n8n.workflow.success","payload":{"userId":"c6c3c351-8a4f-4cbd-8335-b6f8a1f3b5f4","executionId":"96","success":true,"isManual":true,"workflowId":"GSH9PvSAvJWzqdsd","workflowName":"notify-task"}}
{"__type":"$$EventMessageConfirm","confirm":"ebe2ad53-f0f5-48f2-9c1b-c00f75902a83","ts":"2025-08-03T01:23:26.247-04:00","source":{"id":"0","name":"eventBus"}}
{"__type":"$$EventMessageWorkflow","id":"4d5d7c38-fad8-47fe-a7d9-78c67a484104","ts":"2025-08-03T01:24:16.071-04:00","eventName":"n8n.workflow.started","message":"n8n.workflow.started","payload":{"executionId":"97","workflowId":"GSH9PvSAvJWzqdsd","isManual":false,"workflowName":"notify-task"}}
{"__type":"$$EventMessageConfirm","confirm":"4d5d7c38-fad8-47fe-a7d9-78c67a484104","ts":"2025-08-03T01:24:16.071-04:00","source":{"id":"0","name":"eventBus"}}
{"__type":"$$EventMessageNode","id":"4c211785-99c7-4bc0-8824-9c41589601bf","ts":"2025-08-03T01:24:16.072-04:00","eventName":"n8n.node.started","message":"n8n.node.started","payload":{"workflowId":"GSH9PvSAvJWzqdsd","workflowName":"notify-task","executionId":"97","nodeType":"n8n-nodes-base.httpRequest","nodeName":"HTTP Request","nodeId":"f677bdca-ec01-4088-b962-56c95c9da56f"}}
{"__type":"$$EventMessageConfirm","confirm":"4c211785-99c7-4bc0-8824-9c41589601bf","ts":"2025-08-03T01:24:16.072-04:00","source":{"id":"0","name":"eventBus"}}
{"__type":"$$EventMessageNode","id":"21421230-3a89-44d3-b065-fc99837ac59b","ts":"2025-08-03T01:24:16.128-04:00","eventName":"n8n.node.finished","message":"n8n.node.finished","payload":{"workflowId":"GSH9PvSAvJWzqdsd","workflowName":"notify-task","executionId":"97","nodeType":"n8n-nodes-base.httpRequest","nodeName":"HTTP Request","nodeId":"f677bdca-ec01-4088-b962-56c95c9da56f"}}
{"__type":"$$EventMessageConfirm","confirm":"21421230-3a89-44d3-b065-fc99837ac59b","ts":"2025-08-03T01:24:16.128-04:00","source":{"id":"0","name":"eventBus"}}
{"__type":"$$EventMessageWorkflow","id":"ddcbac7b-b3be-4593-9bde-c15186ae2e17","ts":"2025-08-03T01:24:16.130-04:00","eventName":"n8n.workflow.success","message":"n8n.workflow.success","payload":{"userId":"c6c3c351-8a4f-4cbd-8335-b6f8a1f3b5f4","executionId":"97","success":true,"isManual":true,"workflowId":"GSH9PvSAvJWzqdsd","workflowName":"notify-task"}}
{"__type":"$$EventMessageConfirm","confirm":"ddcbac7b-b3be-4593-9bde-c15186ae2e17","ts":"2025-08-03T01:24:16.130-04:00","source":{"id":"0","name":"eventBus"}}
{"__type":"$$EventMessageWorkflow","id":"8f8ffb2a-8a31-4ec9-829e-e90159676624","ts":"2025-08-03T01:24:23.898-04:00","eventName":"n8n.workflow.started","message":"n8n.workflow.started","payload":{"executionId":"98","workflowId":"GSH9PvSAvJWzqdsd","isManual":false,"workflowName":"notify-task"}}
{"__type":"$$EventMessageConfirm","confirm":"8f8ffb2a-8a31-4ec9-829e-e90159676624","ts":"2025-08-03T01:24:23.898-04:00","source":{"id":"0","name":"eventBus"}}
{"__type":"$$EventMessageNode","id":"7fcfb142-bfec-43a9-858d-23209da52c31","ts":"2025-08-03T01:24:23.899-04:00","eventName":"n8n.node.started","message":"n8n.node.started","payload":{"workflowId":"GSH9PvSAvJWzqdsd","workflowName":"notify-task","executionId":"98","nodeType":"n8n-nodes-base.code","nodeName":"Code","nodeId":"3ec9bbb3-6a14-4033-9260-96413a3de2c4"}}
{"__type":"$$EventMessageConfirm","confirm":"7fcfb142-bfec-43a9-858d-23209da52c31","ts":"2025-08-03T01:24:23.899-04:00","source":{"id":"0","name":"eventBus"}}
{"__type":"$$EventMessageNode","id":"0955b940-6740-42ec-86fe-521da5991e68","ts":"2025-08-03T01:24:23.903-04:00","eventName":"n8n.node.finished","message":"n8n.node.finished","payload":{"workflowId":"GSH9PvSAvJWzqdsd","workflowName":"notify-task","executionId":"98","nodeType":"n8n-nodes-base.code","nodeName":"Code","nodeId":"3ec9bbb3-6a14-4033-9260-96413a3de2c4"}}
{"__type":"$$EventMessageConfirm","confirm":"0955b940-6740-42ec-86fe-521da5991e68","ts":"2025-08-03T01:24:23.903-04:00","source":{"id":"0","name":"eventBus"}}
{"__type":"$$EventMessageWorkflow","id":"8545345b-4cb1-41c1-8e9e-a28bdce7294f","ts":"2025-08-03T01:24:23.905-04:00","eventName":"n8n.workflow.failed","message":"n8n.workflow.failed","payload":{"userId":"c6c3c351-8a4f-4cbd-8335-b6f8a1f3b5f4","executionId":"98","success":false,"isManual":true,"workflowId":"GSH9PvSAvJWzqdsd","workflowName":"notify-task","lastNodeExecuted":"Code","errorNodeType":"n8n-nodes-base.code","errorMessage":"Cannot find module 'luxon' [line 1, for item 0]"}}
{"__type":"$$EventMessageConfirm","confirm":"8545345b-4cb1-41c1-8e9e-a28bdce7294f","ts":"2025-08-03T01:24:23.905-04:00","source":{"id":"0","name":"eventBus"}}
{"__type":"$$EventMessageWorkflow","id":"da76e153-f2e8-437e-a303-6e0138ddc647","ts":"2025-08-03T01:27:30.685-04:00","eventName":"n8n.workflow.started","message":"n8n.workflow.started","payload":{"executionId":"99","workflowId":"GSH9PvSAvJWzqdsd","isManual":false,"workflowName":"notify-task"}}
{"__type":"$$EventMessageConfirm","confirm":"da76e153-f2e8-437e-a303-6e0138ddc647","ts":"2025-08-03T01:27:30.685-04:00","source":{"id":"0","name":"eventBus"}}
{"__type":"$$EventMessageNode","id":"2661e4d4-a28c-4312-a508-f9e4de9e276c","ts":"2025-08-03T01:27:30.685-04:00","eventName":"n8n.node.started","message":"n8n.node.started","payload":{"workflowId":"GSH9PvSAvJWzqdsd","workflowName":"notify-task","executionId":"99","nodeType":"n8n-nodes-base.code","nodeName":"Code","nodeId":"3ec9bbb3-6a14-4033-9260-96413a3de2c4"}}
{"__type":"$$EventMessageConfirm","confirm":"2661e4d4-a28c-4312-a508-f9e4de9e276c","ts":"2025-08-03T01:27:30.685-04:00","source":{"id":"0","name":"eventBus"}}
{"__type":"$$EventMessageNode","id":"ada470f9-7390-4cbc-ba31-e566bc964e02","ts":"2025-08-03T01:27:30.690-04:00","eventName":"n8n.node.finished","message":"n8n.node.finished","payload":{"workflowId":"GSH9PvSAvJWzqdsd","workflowName":"notify-task","executionId":"99","nodeType":"n8n-nodes-base.code","nodeName":"Code","nodeId":"3ec9bbb3-6a14-4033-9260-96413a3de2c4"}}
{"__type":"$$EventMessageConfirm","confirm":"ada470f9-7390-4cbc-ba31-e566bc964e02","ts":"2025-08-03T01:27:30.690-04:00","source":{"id":"0","name":"eventBus"}}
{"__type":"$$EventMessageWorkflow","id":"8c8c2ac3-8bda-4275-924c-6fdeac540e3d","ts":"2025-08-03T01:27:30.692-04:00","eventName":"n8n.workflow.failed","message":"n8n.workflow.failed","payload":{"userId":"c6c3c351-8a4f-4cbd-8335-b6f8a1f3b5f4","executionId":"99","success":false,"isManual":true,"workflowId":"GSH9PvSAvJWzqdsd","workflowName":"notify-task","lastNodeExecuted":"Code","errorNodeType":"n8n-nodes-base.code","errorMessage":"Cannot find module 'luxon' [line 1, for item 0]"}}
{"__type":"$$EventMessageConfirm","confirm":"8c8c2ac3-8bda-4275-924c-6fdeac540e3d","ts":"2025-08-03T01:27:30.692-04:00","source":{"id":"0","name":"eventBus"}}
{"__type":"$$EventMessageAudit","id":"76e42e43-4a11-4702-84d4-8351220c01ef","ts":"2025-08-03T01:27:53.503-04:00","eventName":"n8n.audit.workflow.updated","message":"n8n.audit.workflow.updated","payload":{"userId":"c6c3c351-8a4f-4cbd-8335-b6f8a1f3b5f4","_email":"manusjan.997@gmail.com","_firstName":"NUTTAPONG ","_lastName":"Khampoopen","globalRole":"global:owner","workflowId":"GSH9PvSAvJWzqdsd","workflowName":"notify-task"}}
{"__type":"$$EventMessageConfirm","confirm":"76e42e43-4a11-4702-84d4-8351220c01ef","ts":"2025-08-03T01:27:53.503-04:00","source":{"id":"0","name":"eventBus"}}
{"__type":"$$EventMessageAudit","id":"e6925231-26e4-492c-8023-f97ec414ee5e","ts":"2025-08-03T01:28:16.339-04:00","eventName":"n8n.audit.workflow.updated","message":"n8n.audit.workflow.updated","payload":{"userId":"c6c3c351-8a4f-4cbd-8335-b6f8a1f3b5f4","_email":"manusjan.997@gmail.com","_firstName":"NUTTAPONG ","_lastName":"Khampoopen","globalRole":"global:owner","workflowId":"GSH9PvSAvJWzqdsd","workflowName":"notify-task"}}
{"__type":"$$EventMessageConfirm","confirm":"e6925231-26e4-492c-8023-f97ec414ee5e","ts":"2025-08-03T01:28:16.339-04:00","source":{"id":"0","name":"eventBus"}}
{"__type":"$$EventMessageWorkflow","id":"d9df23ff-6613-47a1-adcf-963fc0045c9d","ts":"2025-08-03T01:28:17.477-04:00","eventName":"n8n.workflow.started","message":"n8n.workflow.started","payload":{"executionId":"100","workflowId":"GSH9PvSAvJWzqdsd","isManual":false,"workflowName":"notify-task"}}
{"__type":"$$EventMessageConfirm","confirm":"d9df23ff-6613-47a1-adcf-963fc0045c9d","ts":"2025-08-03T01:28:17.477-04:00","source":{"id":"0","name":"eventBus"}}
{"__type":"$$EventMessageNode","id":"38331fcf-84d9-4a69-8406-465962eb8ea2","ts":"2025-08-03T01:28:17.478-04:00","eventName":"n8n.node.started","message":"n8n.node.started","payload":{"workflowId":"GSH9PvSAvJWzqdsd","workflowName":"notify-task","executionId":"100","nodeType":"n8n-nodes-base.code","nodeName":"Code","nodeId":"3ec9bbb3-6a14-4033-9260-96413a3de2c4"}}
{"__type":"$$EventMessageConfirm","confirm":"38331fcf-84d9-4a69-8406-465962eb8ea2","ts":"2025-08-03T01:28:17.478-04:00","source":{"id":"0","name":"eventBus"}}
{"__type":"$$EventMessageNode","id":"8edc3620-59e5-4120-bb93-9757bde4bd61","ts":"2025-08-03T01:28:17.483-04:00","eventName":"n8n.node.finished","message":"n8n.node.finished","payload":{"workflowId":"GSH9PvSAvJWzqdsd","workflowName":"notify-task","executionId":"100","nodeType":"n8n-nodes-base.code","nodeName":"Code","nodeId":"3ec9bbb3-6a14-4033-9260-96413a3de2c4"}}
{"__type":"$$EventMessageConfirm","confirm":"8edc3620-59e5-4120-bb93-9757bde4bd61","ts":"2025-08-03T01:28:17.483-04:00","source":{"id":"0","name":"eventBus"}}
{"__type":"$$EventMessageWorkflow","id":"f20a4090-f993-4ecb-b9e0-90c555a9645e","ts":"2025-08-03T01:28:17.485-04:00","eventName":"n8n.workflow.failed","message":"n8n.workflow.failed","payload":{"userId":"c6c3c351-8a4f-4cbd-8335-b6f8a1f3b5f4","executionId":"100","success":false,"isManual":true,"workflowId":"GSH9PvSAvJWzqdsd","workflowName":"notify-task","lastNodeExecuted":"Code","errorNodeType":"n8n-nodes-base.code","errorMessage":"Cannot find module 'luxon' [line 1, for item 0]"}}
{"__type":"$$EventMessageConfirm","confirm":"f20a4090-f993-4ecb-b9e0-90c555a9645e","ts":"2025-08-03T01:28:17.485-04:00","source":{"id":"0","name":"eventBus"}}
{"__type":"$$EventMessageAudit","id":"fc4725fa-cb3e-4739-90ee-dd50f6ff65f9","ts":"2025-08-03T01:28:39.808-04:00","eventName":"n8n.audit.workflow.updated","message":"n8n.audit.workflow.updated","payload":{"userId":"c6c3c351-8a4f-4cbd-8335-b6f8a1f3b5f4","_email":"manusjan.997@gmail.com","_firstName":"NUTTAPONG ","_lastName":"Khampoopen","globalRole":"global:owner","workflowId":"GSH9PvSAvJWzqdsd","workflowName":"notify-task"}}
{"__type":"$$EventMessageConfirm","confirm":"fc4725fa-cb3e-4739-90ee-dd50f6ff65f9","ts":"2025-08-03T01:28:39.808-04:00","source":{"id":"0","name":"eventBus"}}
{"__type":"$$EventMessageWorkflow","id":"034d2c59-b559-43d8-9e2a-ae919c4c7fe1","ts":"2025-08-03T01:28:41.959-04:00","eventName":"n8n.workflow.started","message":"n8n.workflow.started","payload":{"executionId":"101","workflowId":"GSH9PvSAvJWzqdsd","isManual":false,"workflowName":"notify-task"}}
{"__type":"$$EventMessageConfirm","confirm":"034d2c59-b559-43d8-9e2a-ae919c4c7fe1","ts":"2025-08-03T01:28:41.959-04:00","source":{"id":"0","name":"eventBus"}}
{"__type":"$$EventMessageNode","id":"84e89fef-c47b-4ac8-8abf-336bc43adbf3","ts":"2025-08-03T01:28:41.960-04:00","eventName":"n8n.node.started","message":"n8n.node.started","payload":{"workflowId":"GSH9PvSAvJWzqdsd","workflowName":"notify-task","executionId":"101","nodeType":"n8n-nodes-base.code","nodeName":"Code","nodeId":"3ec9bbb3-6a14-4033-9260-96413a3de2c4"}}
{"__type":"$$EventMessageConfirm","confirm":"84e89fef-c47b-4ac8-8abf-336bc43adbf3","ts":"2025-08-03T01:28:41.960-04:00","source":{"id":"0","name":"eventBus"}}
{"__type":"$$EventMessageNode","id":"0f6c4705-4bee-4a50-86d0-735815dd5ff0","ts":"2025-08-03T01:28:41.967-04:00","eventName":"n8n.node.finished","message":"n8n.node.finished","payload":{"workflowId":"GSH9PvSAvJWzqdsd","workflowName":"notify-task","executionId":"101","nodeType":"n8n-nodes-base.code","nodeName":"Code","nodeId":"3ec9bbb3-6a14-4033-9260-96413a3de2c4"}}
{"__type":"$$EventMessageConfirm","confirm":"0f6c4705-4bee-4a50-86d0-735815dd5ff0","ts":"2025-08-03T01:28:41.968-04:00","source":{"id":"0","name":"eventBus"}}
{"__type":"$$EventMessageWorkflow","id":"d2f84de6-3d9c-42a8-98a2-c1dbe80d5a03","ts":"2025-08-03T01:28:41.969-04:00","eventName":"n8n.workflow.success","message":"n8n.workflow.success","payload":{"userId":"c6c3c351-8a4f-4cbd-8335-b6f8a1f3b5f4","executionId":"101","success":true,"isManual":true,"workflowId":"GSH9PvSAvJWzqdsd","workflowName":"notify-task"}}
{"__type":"$$EventMessageConfirm","confirm":"d2f84de6-3d9c-42a8-98a2-c1dbe80d5a03","ts":"2025-08-03T01:28:41.969-04:00","source":{"id":"0","name":"eventBus"}}
{"__type":"$$EventMessageWorkflow","id":"676498b3-ca93-4962-9741-ce030bc6f9c7","ts":"2025-08-03T01:28:55.440-04:00","eventName":"n8n.workflow.started","message":"n8n.workflow.started","payload":{"executionId":"102","workflowId":"GSH9PvSAvJWzqdsd","isManual":false,"workflowName":"notify-task"}}
{"__type":"$$EventMessageConfirm","confirm":"676498b3-ca93-4962-9741-ce030bc6f9c7","ts":"2025-08-03T01:28:55.440-04:00","source":{"id":"0","name":"eventBus"}}
{"__type":"$$EventMessageNode","id":"000a26b9-c045-4172-9eef-fffd48ac8c89","ts":"2025-08-03T01:28:55.440-04:00","eventName":"n8n.node.started","message":"n8n.node.started","payload":{"workflowId":"GSH9PvSAvJWzqdsd","workflowName":"notify-task","executionId":"102","nodeType":"n8n-nodes-base.if","nodeName":"If","nodeId":"2135cf61-0b53-45fd-9703-e88fb430a1b5"}}
{"__type":"$$EventMessageConfirm","confirm":"000a26b9-c045-4172-9eef-fffd48ac8c89","ts":"2025-08-03T01:28:55.440-04:00","source":{"id":"0","name":"eventBus"}}
{"__type":"$$EventMessageNode","id":"8d95edb3-dcf6-4d59-a41f-1db37cfb2e28","ts":"2025-08-03T01:28:55.467-04:00","eventName":"n8n.node.finished","message":"n8n.node.finished","payload":{"workflowId":"GSH9PvSAvJWzqdsd","workflowName":"notify-task","executionId":"102","nodeType":"n8n-nodes-base.if","nodeName":"If","nodeId":"2135cf61-0b53-45fd-9703-e88fb430a1b5"}}
{"__type":"$$EventMessageConfirm","confirm":"8d95edb3-dcf6-4d59-a41f-1db37cfb2e28","ts":"2025-08-03T01:28:55.467-04:00","source":{"id":"0","name":"eventBus"}}
{"__type":"$$EventMessageWorkflow","id":"a86b10fa-b516-4ac2-bddb-3554d628702b","ts":"2025-08-03T01:28:55.468-04:00","eventName":"n8n.workflow.success","message":"n8n.workflow.success","payload":{"userId":"c6c3c351-8a4f-4cbd-8335-b6f8a1f3b5f4","executionId":"102","success":true,"isManual":true,"workflowId":"GSH9PvSAvJWzqdsd","workflowName":"notify-task"}}
{"__type":"$$EventMessageConfirm","confirm":"a86b10fa-b516-4ac2-bddb-3554d628702b","ts":"2025-08-03T01:28:55.468-04:00","source":{"id":"0","name":"eventBus"}}
{"__type":"$$EventMessageWorkflow","id":"2195082d-9005-45fe-b5d1-dead4983e81c","ts":"2025-08-03T01:29:18.675-04:00","eventName":"n8n.workflow.started","message":"n8n.workflow.started","payload":{"executionId":"103","workflowId":"GSH9PvSAvJWzqdsd","isManual":false,"workflowName":"notify-task"}}
{"__type":"$$EventMessageConfirm","confirm":"2195082d-9005-45fe-b5d1-dead4983e81c","ts":"2025-08-03T01:29:18.675-04:00","source":{"id":"0","name":"eventBus"}}
{"__type":"$$EventMessageNode","id":"ec95c03c-a519-43b9-a56f-4edaebab0997","ts":"2025-08-03T01:29:18.676-04:00","eventName":"n8n.node.started","message":"n8n.node.started","payload":{"workflowId":"GSH9PvSAvJWzqdsd","workflowName":"notify-task","executionId":"103","nodeType":"n8n-nodes-base.if","nodeName":"If","nodeId":"2135cf61-0b53-45fd-9703-e88fb430a1b5"}}
{"__type":"$$EventMessageConfirm","confirm":"ec95c03c-a519-43b9-a56f-4edaebab0997","ts":"2025-08-03T01:29:18.676-04:00","source":{"id":"0","name":"eventBus"}}
{"__type":"$$EventMessageNode","id":"3feb8377-1ca5-45e4-aa95-e90cea4c0e26","ts":"2025-08-03T01:29:18.682-04:00","eventName":"n8n.node.finished","message":"n8n.node.finished","payload":{"workflowId":"GSH9PvSAvJWzqdsd","workflowName":"notify-task","executionId":"103","nodeType":"n8n-nodes-base.if","nodeName":"If","nodeId":"2135cf61-0b53-45fd-9703-e88fb430a1b5"}}
{"__type":"$$EventMessageConfirm","confirm":"3feb8377-1ca5-45e4-aa95-e90cea4c0e26","ts":"2025-08-03T01:29:18.682-04:00","source":{"id":"0","name":"eventBus"}}
{"__type":"$$EventMessageWorkflow","id":"ebfd4c95-b3a3-4d16-a05d-a8cee9bf2e30","ts":"2025-08-03T01:29:18.683-04:00","eventName":"n8n.workflow.success","message":"n8n.workflow.success","payload":{"userId":"c6c3c351-8a4f-4cbd-8335-b6f8a1f3b5f4","executionId":"103","success":true,"isManual":true,"workflowId":"GSH9PvSAvJWzqdsd","workflowName":"notify-task"}}
{"__type":"$$EventMessageConfirm","confirm":"ebfd4c95-b3a3-4d16-a05d-a8cee9bf2e30","ts":"2025-08-03T01:29:18.683-04:00","source":{"id":"0","name":"eventBus"}}
{"__type":"$$EventMessageAudit","id":"ccb08091-39d4-4d95-8cdc-e4803226e2d9","ts":"2025-08-03T01:29:39.043-04:00","eventName":"n8n.audit.workflow.updated","message":"n8n.audit.workflow.updated","payload":{"userId":"c6c3c351-8a4f-4cbd-8335-b6f8a1f3b5f4","_email":"manusjan.997@gmail.com","_firstName":"NUTTAPONG ","_lastName":"Khampoopen","globalRole":"global:owner","workflowId":"GSH9PvSAvJWzqdsd","workflowName":"notify-task"}}
{"__type":"$$EventMessageConfirm","confirm":"ccb08091-39d4-4d95-8cdc-e4803226e2d9","ts":"2025-08-03T01:29:39.044-04:00","source":{"id":"0","name":"eventBus"}}
{"__type":"$$EventMessageWorkflow","id":"2cf732e0-2c5d-43de-81de-df069073963d","ts":"2025-08-03T01:30:04.153-04:00","eventName":"n8n.workflow.started","message":"n8n.workflow.started","payload":{"executionId":"104","workflowId":"GSH9PvSAvJWzqdsd","isManual":false,"workflowName":"notify-task"}}
{"__type":"$$EventMessageConfirm","confirm":"2cf732e0-2c5d-43de-81de-df069073963d","ts":"2025-08-03T01:30:04.153-04:00","source":{"id":"0","name":"eventBus"}}
{"__type":"$$EventMessageNode","id":"d70faf2b-e6c7-487a-bc8d-eb6c02ccca87","ts":"2025-08-03T01:30:04.153-04:00","eventName":"n8n.node.started","message":"n8n.node.started","payload":{"workflowId":"GSH9PvSAvJWzqdsd","workflowName":"notify-task","executionId":"104","nodeType":"n8n-nodes-base.if","nodeName":"If","nodeId":"2135cf61-0b53-45fd-9703-e88fb430a1b5"}}
{"__type":"$$EventMessageConfirm","confirm":"d70faf2b-e6c7-487a-bc8d-eb6c02ccca87","ts":"2025-08-03T01:30:04.153-04:00","source":{"id":"0","name":"eventBus"}}
{"__type":"$$EventMessageNode","id":"1814b175-fcb7-401d-9142-25629f56107f","ts":"2025-08-03T01:30:04.156-04:00","eventName":"n8n.node.finished","message":"n8n.node.finished","payload":{"workflowId":"GSH9PvSAvJWzqdsd","workflowName":"notify-task","executionId":"104","nodeType":"n8n-nodes-base.if","nodeName":"If","nodeId":"2135cf61-0b53-45fd-9703-e88fb430a1b5"}}
{"__type":"$$EventMessageConfirm","confirm":"1814b175-fcb7-401d-9142-25629f56107f","ts":"2025-08-03T01:30:04.156-04:00","source":{"id":"0","name":"eventBus"}}
{"__type":"$$EventMessageWorkflow","id":"372b06a2-6c5c-4099-b874-38cc9fa72fbf","ts":"2025-08-03T01:30:04.157-04:00","eventName":"n8n.workflow.success","message":"n8n.workflow.success","payload":{"userId":"c6c3c351-8a4f-4cbd-8335-b6f8a1f3b5f4","executionId":"104","success":true,"isManual":true,"workflowId":"GSH9PvSAvJWzqdsd","workflowName":"notify-task"}}
{"__type":"$$EventMessageConfirm","confirm":"372b06a2-6c5c-4099-b874-38cc9fa72fbf","ts":"2025-08-03T01:30:04.157-04:00","source":{"id":"0","name":"eventBus"}}
{"__type":"$$EventMessageWorkflow","id":"50237be5-8a5d-4c85-8712-f28c70f72cd9","ts":"2025-08-03T01:30:12.553-04:00","eventName":"n8n.workflow.started","message":"n8n.workflow.started","payload":{"executionId":"105","workflowId":"GSH9PvSAvJWzqdsd","isManual":false,"workflowName":"notify-task"}}
{"__type":"$$EventMessageConfirm","confirm":"50237be5-8a5d-4c85-8712-f28c70f72cd9","ts":"2025-08-03T01:30:12.553-04:00","source":{"id":"0","name":"eventBus"}}
{"__type":"$$EventMessageNode","id":"fc48a841-d269-4c71-81a2-c2dfec2ad5cf","ts":"2025-08-03T01:30:12.554-04:00","eventName":"n8n.node.started","message":"n8n.node.started","payload":{"workflowId":"GSH9PvSAvJWzqdsd","workflowName":"notify-task","executionId":"105","nodeType":"n8n-nodes-base.emailSend","nodeName":"Send email","nodeId":"b913a9e0-259b-4ff7-8a25-af4b337938ee"}}
{"__type":"$$EventMessageConfirm","confirm":"fc48a841-d269-4c71-81a2-c2dfec2ad5cf","ts":"2025-08-03T01:30:12.554-04:00","source":{"id":"0","name":"eventBus"}}
{"__type":"$$EventMessageNode","id":"466810aa-c09a-4640-a689-dd5448a9eefd","ts":"2025-08-03T01:30:16.356-04:00","eventName":"n8n.node.finished","message":"n8n.node.finished","payload":{"workflowId":"GSH9PvSAvJWzqdsd","workflowName":"notify-task","executionId":"105","nodeType":"n8n-nodes-base.emailSend","nodeName":"Send email","nodeId":"b913a9e0-259b-4ff7-8a25-af4b337938ee"}}
{"__type":"$$EventMessageConfirm","confirm":"466810aa-c09a-4640-a689-dd5448a9eefd","ts":"2025-08-03T01:30:16.356-04:00","source":{"id":"0","name":"eventBus"}}
{"__type":"$$EventMessageWorkflow","id":"c9137866-8c09-4fdb-8926-7f37da17d583","ts":"2025-08-03T01:30:16.359-04:00","eventName":"n8n.workflow.success","message":"n8n.workflow.success","payload":{"userId":"c6c3c351-8a4f-4cbd-8335-b6f8a1f3b5f4","executionId":"105","success":true,"isManual":true,"workflowId":"GSH9PvSAvJWzqdsd","workflowName":"notify-task"}}
{"__type":"$$EventMessageConfirm","confirm":"c9137866-8c09-4fdb-8926-7f37da17d583","ts":"2025-08-03T01:30:16.359-04:00","source":{"id":"0","name":"eventBus"}}
{"__type":"$$EventMessageAudit","id":"74d4ffa6-5707-428f-b726-2998befb3672","ts":"2025-08-03T01:31:00.065-04:00","eventName":"n8n.audit.workflow.updated","message":"n8n.audit.workflow.updated","payload":{"userId":"c6c3c351-8a4f-4cbd-8335-b6f8a1f3b5f4","_email":"manusjan.997@gmail.com","_firstName":"NUTTAPONG ","_lastName":"Khampoopen","globalRole":"global:owner","workflowId":"GSH9PvSAvJWzqdsd","workflowName":"notify-task"}}
{"__type":"$$EventMessageConfirm","confirm":"74d4ffa6-5707-428f-b726-2998befb3672","ts":"2025-08-03T01:31:00.065-04:00","source":{"id":"0","name":"eventBus"}}
{"__type":"$$EventMessageWorkflow","id":"aa75b435-9568-4cbe-8227-17512a10f073","ts":"2025-08-03T01:45:52.652-04:00","eventName":"n8n.workflow.started","message":"n8n.workflow.started","payload":{"executionId":"106","workflowId":"GSH9PvSAvJWzqdsd","isManual":false,"workflowName":"notify-task"}}
{"__type":"$$EventMessageConfirm","confirm":"aa75b435-9568-4cbe-8227-17512a10f073","ts":"2025-08-03T01:45:52.652-04:00","source":{"id":"0","name":"eventBus"}}
{"__type":"$$EventMessageNode","id":"53db972a-ae14-4fbe-ab43-ab871bb00ba6","ts":"2025-08-03T01:45:52.653-04:00","eventName":"n8n.node.started","message":"n8n.node.started","payload":{"workflowId":"GSH9PvSAvJWzqdsd","workflowName":"notify-task","executionId":"106","nodeType":"n8n-nodes-base.httpRequest","nodeName":"HTTP Request","nodeId":"f677bdca-ec01-4088-b962-56c95c9da56f"}}
{"__type":"$$EventMessageConfirm","confirm":"53db972a-ae14-4fbe-ab43-ab871bb00ba6","ts":"2025-08-03T01:45:52.653-04:00","source":{"id":"0","name":"eventBus"}}
{"__type":"$$EventMessageNode","id":"8ebd2a5c-7dd2-4a24-abe1-b537782869f4","ts":"2025-08-03T01:45:52.875-04:00","eventName":"n8n.node.finished","message":"n8n.node.finished","payload":{"workflowId":"GSH9PvSAvJWzqdsd","workflowName":"notify-task","executionId":"106","nodeType":"n8n-nodes-base.httpRequest","nodeName":"HTTP Request","nodeId":"f677bdca-ec01-4088-b962-56c95c9da56f"}}
{"__type":"$$EventMessageConfirm","confirm":"8ebd2a5c-7dd2-4a24-abe1-b537782869f4","ts":"2025-08-03T01:45:52.875-04:00","source":{"id":"0","name":"eventBus"}}
{"__type":"$$EventMessageWorkflow","id":"ad5a1b56-e39a-4ff5-a74d-42d112e2e7e5","ts":"2025-08-03T01:45:52.876-04:00","eventName":"n8n.workflow.success","message":"n8n.workflow.success","payload":{"userId":"c6c3c351-8a4f-4cbd-8335-b6f8a1f3b5f4","executionId":"106","success":true,"isManual":true,"workflowId":"GSH9PvSAvJWzqdsd","workflowName":"notify-task"}}
{"__type":"$$EventMessageConfirm","confirm":"ad5a1b56-e39a-4ff5-a74d-42d112e2e7e5","ts":"2025-08-03T01:45:52.876-04:00","source":{"id":"0","name":"eventBus"}}
{"__type":"$$EventMessageAudit","id":"e6de3c36-333f-406d-8150-5d23ca31c255","ts":"2025-08-03T01:52:29.883-04:00","eventName":"n8n.audit.package.installed","message":"n8n.audit.package.installed","payload":{"userId":"c6c3c351-8a4f-4cbd-8335-b6f8a1f3b5f4","_email":"manusjan.997@gmail.com","_firstName":"NUTTAPONG ","_lastName":"Khampoopen","globalRole":"global:owner","inputString":"n8n-nodes-yepcode","packageName":"n8n-nodes-yepcode","success":true,"packageVersion":"1.0.5","packageNodeNames":["YepCode"],"packageAuthor":"YepCode"}}
{"__type":"$$EventMessageConfirm","confirm":"e6de3c36-333f-406d-8150-5d23ca31c255","ts":"2025-08-03T01:52:29.883-04:00","source":{"id":"0","name":"eventBus"}}
{"__type":"$$EventMessageWorkflow","id":"6ec04375-1d74-4ca0-8c37-3c905a364af2","ts":"2025-08-03T01:52:47.838-04:00","eventName":"n8n.workflow.started","message":"n8n.workflow.started","payload":{"executionId":"107","workflowId":"GSH9PvSAvJWzqdsd","isManual":false,"workflowName":"notify-task"}}
{"__type":"$$EventMessageConfirm","confirm":"6ec04375-1d74-4ca0-8c37-3c905a364af2","ts":"2025-08-03T01:52:47.838-04:00","source":{"id":"0","name":"eventBus"}}
{"__type":"$$EventMessageNode","id":"e691bba7-7fec-4a6b-8538-f308616e501d","ts":"2025-08-03T01:52:47.838-04:00","eventName":"n8n.node.started","message":"n8n.node.started","payload":{"workflowId":"GSH9PvSAvJWzqdsd","workflowName":"notify-task","executionId":"107","nodeType":"n8n-nodes-yepcode.yepCode","nodeName":"YepCode","nodeId":"1bef5320-6e0d-4f31-9ad6-d22a48e7c413"}}
{"__type":"$$EventMessageConfirm","confirm":"e691bba7-7fec-4a6b-8538-f308616e501d","ts":"2025-08-03T01:52:47.838-04:00","source":{"id":"0","name":"eventBus"}}
{"__type":"$$EventMessageNode","id":"21c080cb-bee2-4c11-91c8-247c28b7d995","ts":"2025-08-03T01:52:47.852-04:00","eventName":"n8n.node.finished","message":"n8n.node.finished","payload":{"workflowId":"GSH9PvSAvJWzqdsd","workflowName":"notify-task","executionId":"107","nodeType":"n8n-nodes-yepcode.yepCode","nodeName":"YepCode","nodeId":"1bef5320-6e0d-4f31-9ad6-d22a48e7c413"}}
{"__type":"$$EventMessageConfirm","confirm":"21c080cb-bee2-4c11-91c8-247c28b7d995","ts":"2025-08-03T01:52:47.852-04:00","source":{"id":"0","name":"eventBus"}}
{"__type":"$$EventMessageWorkflow","id":"65864249-12b9-43ee-921b-61af0b4a24a6","ts":"2025-08-03T01:52:47.854-04:00","eventName":"n8n.workflow.failed","message":"n8n.workflow.failed","payload":{"userId":"c6c3c351-8a4f-4cbd-8335-b6f8a1f3b5f4","executionId":"107","success":false,"isManual":true,"workflowId":"GSH9PvSAvJWzqdsd","workflowName":"notify-task","lastNodeExecuted":"YepCode","errorNodeType":"n8n-nodes-yepcode.yepCode","errorMessage":"Node does not have any credentials set"}}
{"__type":"$$EventMessageConfirm","confirm":"65864249-12b9-43ee-921b-61af0b4a24a6","ts":"2025-08-03T01:52:47.854-04:00","source":{"id":"0","name":"eventBus"}}
{"__type":"$$EventMessageAudit","id":"7ca04b89-916a-4a90-8e40-91b0f3d8857f","ts":"2025-08-03T01:53:29.360-04:00","eventName":"n8n.audit.workflow.updated","message":"n8n.audit.workflow.updated","payload":{"userId":"c6c3c351-8a4f-4cbd-8335-b6f8a1f3b5f4","_email":"manusjan.997@gmail.com","_firstName":"NUTTAPONG ","_lastName":"Khampoopen","globalRole":"global:owner","workflowId":"GSH9PvSAvJWzqdsd","workflowName":"notify-task"}}
{"__type":"$$EventMessageConfirm","confirm":"7ca04b89-916a-4a90-8e40-91b0f3d8857f","ts":"2025-08-03T01:53:29.360-04:00","source":{"id":"0","name":"eventBus"}}
{"__type":"$$EventMessageWorkflow","id":"d61ada1f-f160-458e-b163-e1b5ad93cfee","ts":"2025-08-03T01:53:30.361-04:00","eventName":"n8n.workflow.started","message":"n8n.workflow.started","payload":{"executionId":"108","workflowId":"GSH9PvSAvJWzqdsd","isManual":false,"workflowName":"notify-task"}}
{"__type":"$$EventMessageConfirm","confirm":"d61ada1f-f160-458e-b163-e1b5ad93cfee","ts":"2025-08-03T01:53:30.361-04:00","source":{"id":"0","name":"eventBus"}}
{"__type":"$$EventMessageNode","id":"d77a88f8-9e47-45bf-8fa6-6b5a12c65324","ts":"2025-08-03T01:53:30.362-04:00","eventName":"n8n.node.started","message":"n8n.node.started","payload":{"workflowId":"GSH9PvSAvJWzqdsd","workflowName":"notify-task","executionId":"108","nodeType":"n8n-nodes-base.code","nodeName":"Code","nodeId":"ad827b34-6041-467b-81b4-4417a84f8266"}}
{"__type":"$$EventMessageConfirm","confirm":"d77a88f8-9e47-45bf-8fa6-6b5a12c65324","ts":"2025-08-03T01:53:30.362-04:00","source":{"id":"0","name":"eventBus"}}
{"__type":"$$EventMessageNode","id":"efcf3bf2-cd80-4385-b80b-6e5d1c7335bf","ts":"2025-08-03T01:53:30.367-04:00","eventName":"n8n.node.finished","message":"n8n.node.finished","payload":{"workflowId":"GSH9PvSAvJWzqdsd","workflowName":"notify-task","executionId":"108","nodeType":"n8n-nodes-base.code","nodeName":"Code","nodeId":"ad827b34-6041-467b-81b4-4417a84f8266"}}
{"__type":"$$EventMessageConfirm","confirm":"efcf3bf2-cd80-4385-b80b-6e5d1c7335bf","ts":"2025-08-03T01:53:30.367-04:00","source":{"id":"0","name":"eventBus"}}
{"__type":"$$EventMessageWorkflow","id":"2f2b89b4-f72e-4dc6-87d2-2486ee422ab3","ts":"2025-08-03T01:53:30.369-04:00","eventName":"n8n.workflow.failed","message":"n8n.workflow.failed","payload":{"userId":"c6c3c351-8a4f-4cbd-8335-b6f8a1f3b5f4","executionId":"108","success":false,"isManual":true,"workflowId":"GSH9PvSAvJWzqdsd","workflowName":"notify-task","lastNodeExecuted":"Code","errorNodeType":"n8n-nodes-base.code","errorMessage":"Cannot find module 'luxon' [line 1]"}}
{"__type":"$$EventMessageConfirm","confirm":"2f2b89b4-f72e-4dc6-87d2-2486ee422ab3","ts":"2025-08-03T01:53:30.369-04:00","source":{"id":"0","name":"eventBus"}}
{"__type":"$$EventMessageAudit","id":"7b162838-b282-4533-987f-f511229fdfec","ts":"2025-08-03T01:53:44.578-04:00","eventName":"n8n.audit.workflow.updated","message":"n8n.audit.workflow.updated","payload":{"userId":"c6c3c351-8a4f-4cbd-8335-b6f8a1f3b5f4","_email":"manusjan.997@gmail.com","_firstName":"NUTTAPONG ","_lastName":"Khampoopen","globalRole":"global:owner","workflowId":"GSH9PvSAvJWzqdsd","workflowName":"notify-task"}}
{"__type":"$$EventMessageConfirm","confirm":"7b162838-b282-4533-987f-f511229fdfec","ts":"2025-08-03T01:53:44.578-04:00","source":{"id":"0","name":"eventBus"}}
{"__type":"$$EventMessageAudit","id":"a4c90651-3ffd-4e49-8dbe-85976a86fa0b","ts":"2025-08-03T01:53:58.889-04:00","eventName":"n8n.audit.workflow.updated","message":"n8n.audit.workflow.updated","payload":{"userId":"c6c3c351-8a4f-4cbd-8335-b6f8a1f3b5f4","_email":"manusjan.997@gmail.com","_firstName":"NUTTAPONG ","_lastName":"Khampoopen","globalRole":"global:owner","workflowId":"GSH9PvSAvJWzqdsd","workflowName":"notify-task"}}
{"__type":"$$EventMessageConfirm","confirm":"a4c90651-3ffd-4e49-8dbe-85976a86fa0b","ts":"2025-08-03T01:53:58.889-04:00","source":{"id":"0","name":"eventBus"}}
{"__type":"$$EventMessageAudit","id":"45865876-6821-41f1-8a77-68aef79c1984","ts":"2025-08-03T01:55:34.701-04:00","eventName":"n8n.audit.package.deleted","message":"n8n.audit.package.deleted","payload":{"userId":"c6c3c351-8a4f-4cbd-8335-b6f8a1f3b5f4","_email":"manusjan.997@gmail.com","_firstName":"NUTTAPONG ","_lastName":"Khampoopen","globalRole":"global:owner","packageName":"n8n-nodes-yepcode","packageVersion":"1.0.5","packageNodeNames":["YepCode"],"packageAuthor":"YepCode","packageAuthorEmail":null}}
{"__type":"$$EventMessageConfirm","confirm":"45865876-6821-41f1-8a77-68aef79c1984","ts":"2025-08-03T01:55:34.701-04:00","source":{"id":"0","name":"eventBus"}}
{"__type":"$$EventMessageWorkflow","id":"b5fc2e4f-a415-4ecb-a192-0e8916cc04cf","ts":"2025-08-03T02:04:54.159-04:00","eventName":"n8n.workflow.started","message":"n8n.workflow.started","payload":{"executionId":"109","workflowId":"GSH9PvSAvJWzqdsd","isManual":false,"workflowName":"notify-task"}}
{"__type":"$$EventMessageConfirm","confirm":"b5fc2e4f-a415-4ecb-a192-0e8916cc04cf","ts":"2025-08-03T02:04:54.159-04:00","source":{"id":"0","name":"eventBus"}}
{"__type":"$$EventMessageNode","id":"5be9c697-f1d6-415d-aaca-a892f91b9abc","ts":"2025-08-03T02:04:54.160-04:00","eventName":"n8n.node.started","message":"n8n.node.started","payload":{"workflowId":"GSH9PvSAvJWzqdsd","workflowName":"notify-task","executionId":"109","nodeType":"n8n-nodes-base.scheduleTrigger","nodeName":"Schedule Trigger","nodeId":"22fba64b-e106-482f-93d0-c300d9b1b67d"}}
{"__type":"$$EventMessageConfirm","confirm":"5be9c697-f1d6-415d-aaca-a892f91b9abc","ts":"2025-08-03T02:04:54.160-04:00","source":{"id":"0","name":"eventBus"}}
{"__type":"$$EventMessageNode","id":"98d64d7d-7ca7-49a9-808b-aee9f28a07fe","ts":"2025-08-03T02:04:54.163-04:00","eventName":"n8n.node.finished","message":"n8n.node.finished","payload":{"workflowId":"GSH9PvSAvJWzqdsd","workflowName":"notify-task","executionId":"109","nodeType":"n8n-nodes-base.scheduleTrigger","nodeName":"Schedule Trigger","nodeId":"22fba64b-e106-482f-93d0-c300d9b1b67d"}}
{"__type":"$$EventMessageConfirm","confirm":"98d64d7d-7ca7-49a9-808b-aee9f28a07fe","ts":"2025-08-03T02:04:54.164-04:00","source":{"id":"0","name":"eventBus"}}
{"__type":"$$EventMessageNode","id":"27d79d6c-e197-46cb-a252-f8bbc23fe0bf","ts":"2025-08-03T02:04:54.164-04:00","eventName":"n8n.node.started","message":"n8n.node.started","payload":{"workflowId":"GSH9PvSAvJWzqdsd","workflowName":"notify-task","executionId":"109","nodeType":"n8n-nodes-base.httpRequest","nodeName":"HTTP Request","nodeId":"f677bdca-ec01-4088-b962-56c95c9da56f"}}
{"__type":"$$EventMessageConfirm","confirm":"27d79d6c-e197-46cb-a252-f8bbc23fe0bf","ts":"2025-08-03T02:04:54.164-04:00","source":{"id":"0","name":"eventBus"}}
{"__type":"$$EventMessageNode","id":"38ff6c1e-398f-46b6-beb7-e9735b1a6d33","ts":"2025-08-03T02:04:54.193-04:00","eventName":"n8n.node.finished","message":"n8n.node.finished","payload":{"workflowId":"GSH9PvSAvJWzqdsd","workflowName":"notify-task","executionId":"109","nodeType":"n8n-nodes-base.httpRequest","nodeName":"HTTP Request","nodeId":"f677bdca-ec01-4088-b962-56c95c9da56f"}}
{"__type":"$$EventMessageConfirm","confirm":"38ff6c1e-398f-46b6-beb7-e9735b1a6d33","ts":"2025-08-03T02:04:54.193-04:00","source":{"id":"0","name":"eventBus"}}
{"__type":"$$EventMessageNode","id":"101a97df-b815-4126-9665-c5e1188527fe","ts":"2025-08-03T02:04:54.193-04:00","eventName":"n8n.node.started","message":"n8n.node.started","payload":{"workflowId":"GSH9PvSAvJWzqdsd","workflowName":"notify-task","executionId":"109","nodeType":"n8n-nodes-base.code","nodeName":"Code","nodeId":"a92ac5d2-661f-433d-bce0-3fecf2be974d"}}
{"__type":"$$EventMessageConfirm","confirm":"101a97df-b815-4126-9665-c5e1188527fe","ts":"2025-08-03T02:04:54.193-04:00","source":{"id":"0","name":"eventBus"}}
{"__type":"$$EventMessageNode","id":"8c0bcacc-0c2b-48ff-a92f-d2e9393ead8b","ts":"2025-08-03T02:04:54.197-04:00","eventName":"n8n.node.finished","message":"n8n.node.finished","payload":{"workflowId":"GSH9PvSAvJWzqdsd","workflowName":"notify-task","executionId":"109","nodeType":"n8n-nodes-base.code","nodeName":"Code","nodeId":"a92ac5d2-661f-433d-bce0-3fecf2be974d"}}
{"__type":"$$EventMessageConfirm","confirm":"8c0bcacc-0c2b-48ff-a92f-d2e9393ead8b","ts":"2025-08-03T02:04:54.198-04:00","source":{"id":"0","name":"eventBus"}}
{"__type":"$$EventMessageWorkflow","id":"3295bfdd-7ae8-4825-9b51-f649556d9ad1","ts":"2025-08-03T02:04:54.199-04:00","eventName":"n8n.workflow.failed","message":"n8n.workflow.failed","payload":{"userId":"c6c3c351-8a4f-4cbd-8335-b6f8a1f3b5f4","executionId":"109","success":false,"isManual":true,"workflowId":"GSH9PvSAvJWzqdsd","workflowName":"notify-task","lastNodeExecuted":"Code","errorNodeType":"n8n-nodes-base.code","errorMessage":"Cannot find module 'luxon' [line 1]"}}
{"__type":"$$EventMessageConfirm","confirm":"3295bfdd-7ae8-4825-9b51-f649556d9ad1","ts":"2025-08-03T02:04:54.199-04:00","source":{"id":"0","name":"eventBus"}}
{"__type":"$$EventMessageAudit","id":"a9fbccf2-00cd-42b2-948d-d446ff8b0682","ts":"2025-08-03T02:13:40.610-04:00","eventName":"n8n.audit.workflow.updated","message":"n8n.audit.workflow.updated","payload":{"userId":"c6c3c351-8a4f-4cbd-8335-b6f8a1f3b5f4","_email":"manusjan.997@gmail.com","_firstName":"NUTTAPONG ","_lastName":"Khampoopen","globalRole":"global:owner","workflowId":"GSH9PvSAvJWzqdsd","workflowName":"notify-task"}}
{"__type":"$$EventMessageConfirm","confirm":"a9fbccf2-00cd-42b2-948d-d446ff8b0682","ts":"2025-08-03T02:13:40.610-04:00","source":{"id":"0","name":"eventBus"}}
{"__type":"$$EventMessageWorkflow","id":"55be8637-13fc-44c8-a927-59a1c5030558","ts":"2025-08-03T11:23:27.433-04:00","eventName":"n8n.workflow.started","message":"n8n.workflow.started","payload":{"executionId":"110","workflowId":"GSH9PvSAvJWzqdsd","isManual":false,"workflowName":"notify-task"}}
{"__type":"$$EventMessageConfirm","confirm":"55be8637-13fc-44c8-a927-59a1c5030558","ts":"2025-08-03T11:23:27.434-04:00","source":{"id":"0","name":"eventBus"}}
{"__type":"$$EventMessageNode","id":"fd2a79e5-74c7-41a5-91fd-bd5e66f49279","ts":"2025-08-03T11:23:27.434-04:00","eventName":"n8n.node.started","message":"n8n.node.started","payload":{"workflowId":"GSH9PvSAvJWzqdsd","workflowName":"notify-task","executionId":"110","nodeType":"n8n-nodes-base.scheduleTrigger","nodeName":"Schedule Trigger","nodeId":"22fba64b-e106-482f-93d0-c300d9b1b67d"}}
{"__type":"$$EventMessageConfirm","confirm":"fd2a79e5-74c7-41a5-91fd-bd5e66f49279","ts":"2025-08-03T11:23:27.434-04:00","source":{"id":"0","name":"eventBus"}}
{"__type":"$$EventMessageNode","id":"c36302ae-5b16-4827-adee-c8aecbfb1b3a","ts":"2025-08-03T11:23:27.436-04:00","eventName":"n8n.node.finished","message":"n8n.node.finished","payload":{"workflowId":"GSH9PvSAvJWzqdsd","workflowName":"notify-task","executionId":"110","nodeType":"n8n-nodes-base.scheduleTrigger","nodeName":"Schedule Trigger","nodeId":"22fba64b-e106-482f-93d0-c300d9b1b67d"}}
{"__type":"$$EventMessageConfirm","confirm":"c36302ae-5b16-4827-adee-c8aecbfb1b3a","ts":"2025-08-03T11:23:27.436-04:00","source":{"id":"0","name":"eventBus"}}
{"__type":"$$EventMessageNode","id":"27b87bbc-0725-42fa-83cc-69f72471b4e9","ts":"2025-08-03T11:23:27.436-04:00","eventName":"n8n.node.started","message":"n8n.node.started","payload":{"workflowId":"GSH9PvSAvJWzqdsd","workflowName":"notify-task","executionId":"110","nodeType":"n8n-nodes-base.httpRequest","nodeName":"HTTP Request","nodeId":"f677bdca-ec01-4088-b962-56c95c9da56f"}}
{"__type":"$$EventMessageConfirm","confirm":"27b87bbc-0725-42fa-83cc-69f72471b4e9","ts":"2025-08-03T11:23:27.436-04:00","source":{"id":"0","name":"eventBus"}}
{"__type":"$$EventMessageNode","id":"5937195e-0bcf-4238-96ed-a83d06b2bbc5","ts":"2025-08-03T11:23:27.714-04:00","eventName":"n8n.node.finished","message":"n8n.node.finished","payload":{"workflowId":"GSH9PvSAvJWzqdsd","workflowName":"notify-task","executionId":"110","nodeType":"n8n-nodes-base.httpRequest","nodeName":"HTTP Request","nodeId":"f677bdca-ec01-4088-b962-56c95c9da56f"}}
{"__type":"$$EventMessageConfirm","confirm":"5937195e-0bcf-4238-96ed-a83d06b2bbc5","ts":"2025-08-03T11:23:27.714-04:00","source":{"id":"0","name":"eventBus"}}
{"__type":"$$EventMessageWorkflow","id":"bd2b8a05-c35d-43b7-9d26-a88b8f226806","ts":"2025-08-03T11:23:27.716-04:00","eventName":"n8n.workflow.success","message":"n8n.workflow.success","payload":{"userId":"c6c3c351-8a4f-4cbd-8335-b6f8a1f3b5f4","executionId":"110","success":true,"isManual":true,"workflowId":"GSH9PvSAvJWzqdsd","workflowName":"notify-task"}}
{"__type":"$$EventMessageConfirm","confirm":"bd2b8a05-c35d-43b7-9d26-a88b8f226806","ts":"2025-08-03T11:23:27.716-04:00","source":{"id":"0","name":"eventBus"}}
{"__type":"$$EventMessageWorkflow","id":"b36d704e-4058-4409-bccd-40d7d4375a85","ts":"2025-08-03T11:24:00.390-04:00","eventName":"n8n.workflow.started","message":"n8n.workflow.started","payload":{"executionId":"111","workflowId":"GSH9PvSAvJWzqdsd","isManual":false,"workflowName":"notify-task"}}
{"__type":"$$EventMessageConfirm","confirm":"b36d704e-4058-4409-bccd-40d7d4375a85","ts":"2025-08-03T11:24:00.390-04:00","source":{"id":"0","name":"eventBus"}}
{"__type":"$$EventMessageNode","id":"3a23fc10-d758-4477-acab-be74efdd031f","ts":"2025-08-03T11:24:00.391-04:00","eventName":"n8n.node.started","message":"n8n.node.started","payload":{"workflowId":"GSH9PvSAvJWzqdsd","workflowName":"notify-task","executionId":"111","nodeType":"n8n-nodes-base.scheduleTrigger","nodeName":"Schedule Trigger","nodeId":"22fba64b-e106-482f-93d0-c300d9b1b67d"}}
{"__type":"$$EventMessageConfirm","confirm":"3a23fc10-d758-4477-acab-be74efdd031f","ts":"2025-08-03T11:24:00.391-04:00","source":{"id":"0","name":"eventBus"}}
{"__type":"$$EventMessageNode","id":"3205753e-5911-4d79-996b-76ae455d7c63","ts":"2025-08-03T11:24:00.393-04:00","eventName":"n8n.node.finished","message":"n8n.node.finished","payload":{"workflowId":"GSH9PvSAvJWzqdsd","workflowName":"notify-task","executionId":"111","nodeType":"n8n-nodes-base.scheduleTrigger","nodeName":"Schedule Trigger","nodeId":"22fba64b-e106-482f-93d0-c300d9b1b67d"}}
{"__type":"$$EventMessageConfirm","confirm":"3205753e-5911-4d79-996b-76ae455d7c63","ts":"2025-08-03T11:24:00.393-04:00","source":{"id":"0","name":"eventBus"}}
{"__type":"$$EventMessageWorkflow","id":"2edba383-8392-4251-96b3-6da52fc53ec9","ts":"2025-08-03T11:24:00.394-04:00","eventName":"n8n.workflow.success","message":"n8n.workflow.success","payload":{"userId":"c6c3c351-8a4f-4cbd-8335-b6f8a1f3b5f4","executionId":"111","success":true,"isManual":true,"workflowId":"GSH9PvSAvJWzqdsd","workflowName":"notify-task"}}
{"__type":"$$EventMessageConfirm","confirm":"2edba383-8392-4251-96b3-6da52fc53ec9","ts":"2025-08-03T11:24:00.394-04:00","source":{"id":"0","name":"eventBus"}}
{"__type":"$$EventMessageWorkflow","id":"ecf0d97e-0c25-4c4a-9ee5-820b98b6b794","ts":"2025-08-03T11:24:40.556-04:00","eventName":"n8n.workflow.started","message":"n8n.workflow.started","payload":{"executionId":"112","workflowId":"GSH9PvSAvJWzqdsd","isManual":false,"workflowName":"notify-task"}}
{"__type":"$$EventMessageConfirm","confirm":"ecf0d97e-0c25-4c4a-9ee5-820b98b6b794","ts":"2025-08-03T11:24:40.557-04:00","source":{"id":"0","name":"eventBus"}}
{"__type":"$$EventMessageNode","id":"fc3660ac-7711-4c2f-9408-aaf2fccc692c","ts":"2025-08-03T11:24:40.557-04:00","eventName":"n8n.node.started","message":"n8n.node.started","payload":{"workflowId":"GSH9PvSAvJWzqdsd","workflowName":"notify-task","executionId":"112","nodeType":"n8n-nodes-base.httpRequest","nodeName":"HTTP Request","nodeId":"f677bdca-ec01-4088-b962-56c95c9da56f"}}
{"__type":"$$EventMessageConfirm","confirm":"fc3660ac-7711-4c2f-9408-aaf2fccc692c","ts":"2025-08-03T11:24:40.557-04:00","source":{"id":"0","name":"eventBus"}}
{"__type":"$$EventMessageNode","id":"f31e941e-86a9-479e-a9bc-fac186d6e606","ts":"2025-08-03T11:24:40.591-04:00","eventName":"n8n.node.finished","message":"n8n.node.finished","payload":{"workflowId":"GSH9PvSAvJWzqdsd","workflowName":"notify-task","executionId":"112","nodeType":"n8n-nodes-base.httpRequest","nodeName":"HTTP Request","nodeId":"f677bdca-ec01-4088-b962-56c95c9da56f"}}
{"__type":"$$EventMessageConfirm","confirm":"f31e941e-86a9-479e-a9bc-fac186d6e606","ts":"2025-08-03T11:24:40.591-04:00","source":{"id":"0","name":"eventBus"}}
{"__type":"$$EventMessageWorkflow","id":"fbbd4e5d-8214-44c4-a631-e1c4313554f4","ts":"2025-08-03T11:24:40.592-04:00","eventName":"n8n.workflow.success","message":"n8n.workflow.success","payload":{"userId":"c6c3c351-8a4f-4cbd-8335-b6f8a1f3b5f4","executionId":"112","success":true,"isManual":true,"workflowId":"GSH9PvSAvJWzqdsd","workflowName":"notify-task"}}
{"__type":"$$EventMessageConfirm","confirm":"fbbd4e5d-8214-44c4-a631-e1c4313554f4","ts":"2025-08-03T11:24:40.592-04:00","source":{"id":"0","name":"eventBus"}}
{"__type":"$$EventMessageWorkflow","id":"b6a0eded-b6f8-4aac-8de1-678be4efa528","ts":"2025-08-03T11:30:23.199-04:00","eventName":"n8n.workflow.started","message":"n8n.workflow.started","payload":{"executionId":"113","workflowId":"GSH9PvSAvJWzqdsd","isManual":false,"workflowName":"notify-task"}}
{"__type":"$$EventMessageConfirm","confirm":"b6a0eded-b6f8-4aac-8de1-678be4efa528","ts":"2025-08-03T11:30:23.199-04:00","source":{"id":"0","name":"eventBus"}}
{"__type":"$$EventMessageNode","id":"e8202128-24f1-41c8-812b-04506d2dfef8","ts":"2025-08-03T11:30:23.199-04:00","eventName":"n8n.node.started","message":"n8n.node.started","payload":{"workflowId":"GSH9PvSAvJWzqdsd","workflowName":"notify-task","executionId":"113","nodeType":"n8n-nodes-base.scheduleTrigger","nodeName":"Schedule Trigger","nodeId":"22fba64b-e106-482f-93d0-c300d9b1b67d"}}
{"__type":"$$EventMessageConfirm","confirm":"e8202128-24f1-41c8-812b-04506d2dfef8","ts":"2025-08-03T11:30:23.199-04:00","source":{"id":"0","name":"eventBus"}}
{"__type":"$$EventMessageNode","id":"ee610987-4826-4f15-8660-f00ebcc4f02c","ts":"2025-08-03T11:30:23.201-04:00","eventName":"n8n.node.finished","message":"n8n.node.finished","payload":{"workflowId":"GSH9PvSAvJWzqdsd","workflowName":"notify-task","executionId":"113","nodeType":"n8n-nodes-base.scheduleTrigger","nodeName":"Schedule Trigger","nodeId":"22fba64b-e106-482f-93d0-c300d9b1b67d"}}
{"__type":"$$EventMessageConfirm","confirm":"ee610987-4826-4f15-8660-f00ebcc4f02c","ts":"2025-08-03T11:30:23.201-04:00","source":{"id":"0","name":"eventBus"}}
{"__type":"$$EventMessageWorkflow","id":"8e9b1116-1c20-40e6-953d-37f4c3e86d52","ts":"2025-08-03T11:30:23.202-04:00","eventName":"n8n.workflow.success","message":"n8n.workflow.success","payload":{"userId":"c6c3c351-8a4f-4cbd-8335-b6f8a1f3b5f4","executionId":"113","success":true,"isManual":true,"workflowId":"GSH9PvSAvJWzqdsd","workflowName":"notify-task"}}
{"__type":"$$EventMessageConfirm","confirm":"8e9b1116-1c20-40e6-953d-37f4c3e86d52","ts":"2025-08-03T11:30:23.202-04:00","source":{"id":"0","name":"eventBus"}}
{"__type":"$$EventMessageWorkflow","id":"129e1ab1-99a2-4039-b1ba-ebfd95961115","ts":"2025-08-03T11:33:03.648-04:00","eventName":"n8n.workflow.started","message":"n8n.workflow.started","payload":{"executionId":"114","workflowId":"GSH9PvSAvJWzqdsd","isManual":false,"workflowName":"notify-task"}}
{"__type":"$$EventMessageConfirm","confirm":"129e1ab1-99a2-4039-b1ba-ebfd95961115","ts":"2025-08-03T11:33:03.648-04:00","source":{"id":"0","name":"eventBus"}}
{"__type":"$$EventMessageNode","id":"0eeea90b-4a70-4a2a-9677-3f060a6b78b6","ts":"2025-08-03T11:33:03.648-04:00","eventName":"n8n.node.started","message":"n8n.node.started","payload":{"workflowId":"GSH9PvSAvJWzqdsd","workflowName":"notify-task","executionId":"114","nodeType":"n8n-nodes-base.scheduleTrigger","nodeName":"Schedule Trigger","nodeId":"22fba64b-e106-482f-93d0-c300d9b1b67d"}}
{"__type":"$$EventMessageConfirm","confirm":"0eeea90b-4a70-4a2a-9677-3f060a6b78b6","ts":"2025-08-03T11:33:03.648-04:00","source":{"id":"0","name":"eventBus"}}
{"__type":"$$EventMessageNode","id":"4c2f9514-6d15-48c1-90ca-21d57f068b1f","ts":"2025-08-03T11:33:03.649-04:00","eventName":"n8n.node.finished","message":"n8n.node.finished","payload":{"workflowId":"GSH9PvSAvJWzqdsd","workflowName":"notify-task","executionId":"114","nodeType":"n8n-nodes-base.scheduleTrigger","nodeName":"Schedule Trigger","nodeId":"22fba64b-e106-482f-93d0-c300d9b1b67d"}}
{"__type":"$$EventMessageConfirm","confirm":"4c2f9514-6d15-48c1-90ca-21d57f068b1f","ts":"2025-08-03T11:33:03.650-04:00","source":{"id":"0","name":"eventBus"}}
{"__type":"$$EventMessageWorkflow","id":"d8417b5d-9303-4fa0-bf46-dc2b44dc23d2","ts":"2025-08-03T11:33:03.652-04:00","eventName":"n8n.workflow.success","message":"n8n.workflow.success","payload":{"userId":"c6c3c351-8a4f-4cbd-8335-b6f8a1f3b5f4","executionId":"114","success":true,"isManual":true,"workflowId":"GSH9PvSAvJWzqdsd","workflowName":"notify-task"}}
{"__type":"$$EventMessageConfirm","confirm":"d8417b5d-9303-4fa0-bf46-dc2b44dc23d2","ts":"2025-08-03T11:33:03.652-04:00","source":{"id":"0","name":"eventBus"}}
